TN:
SF:/Users/wen/Dropbox/Code/MinDB/dist/min-debug.js
FN:9,webpackUniversalModuleDefinition
FN:18,(anonymous_2)
FN:19,(anonymous_3)
FN:24,__webpack_require__
FN:63,(anonymous_5)
FN:71,(anonymous_6)
FN:79,(anonymous_7)
FN:79,sliceIterator
FN:79,(anonymous_9)
FN:81,_interopRequireDefault
FN:143,(anonymous_11)
FN:168,(anonymous_12)
FN:176,(anonymous_13)
FN:194,load
FN:196,(anonymous_15)
FN:241,(anonymous_16)
FN:249,handle
FN:276,(anonymous_18)
FN:284,(anonymous_19)
FN:295,reject
FN:303,(anonymous_21)
FN:311,(anonymous_22)
FN:316,(anonymous_23)
FN:318,(anonymous_24)
FN:338,(anonymous_25)
FN:346,(anonymous_26)
FN:356,reject
FN:376,(anonymous_28)
FN:409,(anonymous_29)
FN:435,(anonymous_30)
FN:457,(anonymous_31)
FN:467,(anonymous_32)
FN:476,loop
FN:478,(anonymous_34)
FN:501,(anonymous_35)
FN:508,(anonymous_36)
FN:517,(anonymous_37)
FN:519,(anonymous_38)
FN:527,(anonymous_39)
FN:540,(anonymous_40)
FN:550,(anonymous_41)
FN:556,(anonymous_42)
FN:558,(anonymous_43)
FN:561,(anonymous_44)
FN:582,(anonymous_45)
FN:590,(anonymous_46)
FN:591,(anonymous_47)
FN:598,done
FN:599,(anonymous_49)
FN:606,(anonymous_50)
FN:611,(anonymous_51)
FN:617,loop
FN:619,(anonymous_53)
FN:621,(anonymous_54)
FN:644,(anonymous_55)
FN:656,(anonymous_56)
FN:678,(anonymous_57)
FN:691,(anonymous_58)
FN:709,handle
FN:735,(anonymous_60)
FN:744,noop
FN:748,inherits
FN:760,extend
FN:796,isNumber
FN:799,isUndefined
FN:802,isObject
FN:805,arrayUnique
FN:817,arrayInter
FN:819,(anonymous_69)
FN:852,arrayDiff
FN:854,(anonymous_71)
FN:888,(anonymous_72)
FN:889,flatten
FN:893,(anonymous_74)
FN:898,(anonymous_75)
FN:923,(anonymous_76)
FN:925,(anonymous_77)
FN:931,(anonymous_78)
FN:931,defineProperties
FN:931,(anonymous_80)
FN:935,_interopRequireDefault
FN:937,_classCallCheck
FN:947,(anonymous_83)
FN:948,EventEmitter
FN:957,setMaxListeners
FN:963,emit
FN:1020,addListener
FN:1053,once
FN:1056,g
FN:1068,removeListener
FN:1106,removeAllListeners
FN:1145,listeners
FN:1158,(anonymous_93)
FN:1163,(anonymous_94)
FN:1167,(anonymous_95)
FN:1168,_Promise
FN:1184,then
FN:1192,(anonymous_98)
FN:1216,_catch
FN:1223,resolve
FN:1259,reject
FN:1276,Promise
FN:1283,(anonymous_103)
FN:1289,(anonymous_104)
FN:1296,(anonymous_105)
FN:1309,(anonymous_106)
FN:1313,(anonymous_107)
FN:1321,(anonymous_108)
FN:1321,sliceIterator
FN:1321,(anonymous_110)
FN:1323,_interopRequireDefault
FN:1349,(anonymous_112)
FN:1355,(anonymous_113)
FN:1376,load
FN:1379,(anonymous_115)
FN:1419,(anonymous_116)
FN:1427,(anonymous_117)
FN:1437,(anonymous_118)
FN:1446,(anonymous_119)
FN:1464,(anonymous_120)
FN:1473,timeout
FN:1478,(anonymous_122)
FN:1482,(anonymous_123)
FN:1492,(anonymous_124)
FN:1508,(anonymous_125)
FN:1517,timeout
FN:1522,(anonymous_127)
FN:1526,(anonymous_128)
FN:1547,(anonymous_129)
FN:1564,next
FN:1568,(anonymous_131)
FN:1582,(anonymous_132)
FN:1594,out
FN:1615,(anonymous_134)
FN:1627,next
FN:1630,(anonymous_136)
FN:1644,(anonymous_137)
FN:1650,out
FN:1672,(anonymous_139)
FN:1679,(anonymous_140)
FN:1689,(anonymous_141)
FN:1691,(anonymous_142)
FN:1693,(anonymous_143)
FN:1696,(anonymous_144)
FN:1710,(anonymous_145)
FN:1718,(anonymous_146)
FN:1730,load
FN:1732,(anonymous_148)
FN:1794,(anonymous_149)
FN:1801,(anonymous_150)
FN:1807,(anonymous_151)
FN:1812,(anonymous_152)
FN:1826,(anonymous_153)
FN:1838,next
FN:1855,(anonymous_155)
FN:1880,out
FN:1902,(anonymous_157)
FN:1909,(anonymous_158)
FN:1915,(anonymous_159)
FN:1919,(anonymous_160)
FN:1922,(anonymous_161)
FN:1936,(anonymous_162)
FN:1941,(anonymous_163)
FN:1953,(anonymous_164)
FN:1967,(anonymous_165)
FN:1974,(anonymous_166)
FN:1978,(anonymous_167)
FN:1988,(anonymous_168)
FN:1997,(anonymous_169)
FN:2005,(anonymous_170)
FN:2020,(anonymous_171)
FN:2027,(anonymous_172)
FN:2031,(anonymous_173)
FN:2041,(anonymous_174)
FN:2050,(anonymous_175)
FN:2053,(anonymous_176)
FN:2063,(anonymous_177)
FN:2070,(anonymous_178)
FN:2074,(anonymous_179)
FN:2084,(anonymous_180)
FN:2093,(anonymous_181)
FN:2101,(anonymous_182)
FN:2109,(anonymous_183)
FN:2115,(anonymous_184)
FN:2119,(anonymous_185)
FN:2129,(anonymous_186)
FN:2138,(anonymous_187)
FN:2141,(anonymous_188)
FN:2152,(anonymous_189)
FN:2160,(anonymous_190)
FN:2160,sliceIterator
FN:2160,(anonymous_192)
FN:2162,_interopRequireDefault
FN:2183,(anonymous_194)
FN:2191,(anonymous_195)
FN:2199,(anonymous_196)
FN:2208,(anonymous_197)
FN:2224,(anonymous_198)
FN:2237,(anonymous_199)
FN:2252,(anonymous_200)
FN:2259,(anonymous_201)
FN:2266,(anonymous_202)
FN:2294,(anonymous_203)
FN:2308,next
FN:2311,(anonymous_205)
FN:2326,(anonymous_206)
FN:2338,out
FN:2360,(anonymous_208)
FN:2367,(anonymous_209)
FN:2374,(anonymous_210)
FN:2378,(anonymous_211)
FN:2400,(anonymous_212)
FN:2409,(anonymous_213)
FN:2413,(anonymous_214)
FN:2419,(anonymous_215)
FN:2436,(anonymous_216)
FN:2443,(anonymous_217)
FN:2450,(anonymous_218)
FN:2453,(anonymous_219)
FN:2475,(anonymous_220)
FN:2482,(anonymous_221)
FN:2492,(anonymous_222)
FN:2499,(anonymous_223)
FN:2503,(anonymous_224)
FN:2506,(anonymous_225)
FN:2510,(anonymous_226)
FN:2530,(anonymous_227)
FN:2537,(anonymous_228)
FN:2544,(anonymous_229)
FN:2549,(anonymous_230)
FN:2568,(anonymous_231)
FN:2575,(anonymous_232)
FN:2582,(anonymous_233)
FN:2587,(anonymous_234)
FN:2607,(anonymous_235)
FN:2614,(anonymous_236)
FN:2621,(anonymous_237)
FN:2629,(anonymous_238)
FN:2637,(anonymous_239)
FN:2644,(anonymous_240)
FN:2648,(anonymous_241)
FN:2658,(anonymous_242)
FN:2667,(anonymous_243)
FN:2670,(anonymous_244)
FN:2678,(anonymous_245)
FN:2685,(anonymous_246)
FN:2689,(anonymous_247)
FN:2699,(anonymous_248)
FN:2708,(anonymous_249)
FN:2711,(anonymous_250)
FN:2721,(anonymous_251)
FN:2728,(anonymous_252)
FN:2732,(anonymous_253)
FN:2742,(anonymous_254)
FN:2751,(anonymous_255)
FN:2754,(anonymous_256)
FN:2762,(anonymous_257)
FN:2769,(anonymous_258)
FN:2773,(anonymous_259)
FN:2783,(anonymous_260)
FN:2792,(anonymous_261)
FN:2795,(anonymous_262)
FN:2806,(anonymous_263)
FN:2814,(anonymous_264)
FN:2814,sliceIterator
FN:2814,(anonymous_266)
FN:2816,_interopRequireDefault
FN:2839,(anonymous_268)
FN:2846,(anonymous_269)
FN:2850,(anonymous_270)
FN:2857,(anonymous_271)
FN:2865,(anonymous_272)
FN:2880,(anonymous_273)
FN:2904,(anonymous_274)
FN:2911,(anonymous_275)
FN:2915,(anonymous_276)
FN:2922,(anonymous_277)
FN:2937,(anonymous_278)
FN:2967,(anonymous_279)
FN:2972,(anonymous_280)
FN:2976,(anonymous_281)
FN:2983,(anonymous_282)
FN:2991,(anonymous_283)
FN:3006,(anonymous_284)
FN:3028,(anonymous_285)
FN:3035,(anonymous_286)
FN:3039,(anonymous_287)
FN:3046,(anonymous_288)
FN:3061,(anonymous_289)
FN:3090,(anonymous_290)
FN:3096,(anonymous_291)
FN:3100,(anonymous_292)
FN:3107,(anonymous_293)
FN:3111,(anonymous_294)
FN:3114,(anonymous_295)
FN:3128,(anonymous_296)
FN:3135,(anonymous_297)
FN:3141,(anonymous_298)
FN:3148,(anonymous_299)
FN:3152,(anonymous_300)
FN:3155,(anonymous_301)
FN:3169,(anonymous_302)
FN:3176,(anonymous_303)
FN:3183,(anonymous_304)
FN:3211,(anonymous_305)
FN:3218,(anonymous_306)
FN:3225,(anonymous_307)
FN:3253,(anonymous_308)
FN:3260,(anonymous_309)
FN:3264,(anonymous_310)
FN:3271,(anonymous_311)
FN:3329,(anonymous_312)
FN:3336,(anonymous_313)
FN:3340,(anonymous_314)
FN:3347,(anonymous_315)
FN:3362,(anonymous_316)
FN:3393,(anonymous_317)
FN:3400,(anonymous_318)
FN:3407,(anonymous_319)
FN:3411,(anonymous_320)
FN:3419,(anonymous_321)
FN:3434,(anonymous_322)
FN:3441,(anonymous_323)
FN:3450,(anonymous_324)
FN:3455,(anonymous_325)
FN:3471,(anonymous_326)
FN:3476,(anonymous_327)
FN:3480,(anonymous_328)
FN:3487,(anonymous_329)
FN:3502,(anonymous_330)
FN:3531,(anonymous_331)
FN:3538,(anonymous_332)
FN:3542,(anonymous_333)
FN:3549,(anonymous_334)
FN:3564,(anonymous_335)
FN:3592,(anonymous_336)
FN:3600,(anonymous_337)
FN:3608,(anonymous_338)
FN:3610,(anonymous_339)
FN:3613,(anonymous_340)
FN:3628,(anonymous_341)
FN:3636,(anonymous_342)
FN:3640,(anonymous_343)
FN:3642,(anonymous_344)
FN:3645,(anonymous_345)
FN:3656,(anonymous_346)
FN:3664,(anonymous_347)
FN:3664,sliceIterator
FN:3664,(anonymous_349)
FN:3666,_interopRequireDefault
FN:3682,(anonymous_351)
FN:3692,(anonymous_352)
FN:3704,(anonymous_353)
FN:3712,(anonymous_354)
FN:3755,(anonymous_355)
FN:3760,(anonymous_356)
FN:3768,(anonymous_357)
FN:3778,(anonymous_358)
FN:3788,(anonymous_359)
FN:3794,(anonymous_360)
FN:3825,(anonymous_361)
FN:3831,(anonymous_362)
FN:3839,(anonymous_363)
FN:3846,(anonymous_364)
FN:3852,(anonymous_365)
FN:3855,(anonymous_366)
FN:3863,(anonymous_367)
FN:3870,(anonymous_368)
FN:3876,(anonymous_369)
FN:3881,(anonymous_370)
FN:3889,(anonymous_371)
FN:3896,(anonymous_372)
FN:3902,(anonymous_373)
FN:3907,(anonymous_374)
FN:3915,(anonymous_375)
FN:3922,(anonymous_376)
FN:3926,(anonymous_377)
FN:3932,(anonymous_378)
FN:3938,(anonymous_379)
FN:3940,(anonymous_380)
FN:3950,(anonymous_381)
FN:3954,(anonymous_382)
FN:3962,(anonymous_383)
FN:3969,(anonymous_384)
FN:3976,(anonymous_385)
FN:3983,(anonymous_386)
FN:3991,(anonymous_387)
FN:3998,(anonymous_388)
FN:4004,(anonymous_389)
FN:4011,(anonymous_390)
FN:4015,(anonymous_391)
FN:4018,(anonymous_392)
FN:4026,(anonymous_393)
FN:4041,(anonymous_394)
FN:4045,(anonymous_395)
FN:4051,(anonymous_396)
FN:4057,(anonymous_397)
FN:4071,(anonymous_398)
FN:4081,(anonymous_399)
FN:4095,(anonymous_400)
FN:4099,(anonymous_401)
FN:4105,(anonymous_402)
FN:4112,(anonymous_403)
FN:4115,(anonymous_404)
FN:4123,(anonymous_405)
FN:4138,(anonymous_406)
FN:4142,(anonymous_407)
FN:4148,(anonymous_408)
FN:4154,(anonymous_409)
FN:4169,(anonymous_410)
FN:4185,(anonymous_411)
FN:4189,(anonymous_412)
FN:4196,(anonymous_413)
FN:4203,(anonymous_414)
FN:4206,(anonymous_415)
FN:4214,(anonymous_416)
FN:4229,(anonymous_417)
FN:4233,(anonymous_418)
FN:4239,(anonymous_419)
FN:4245,(anonymous_420)
FN:4260,(anonymous_421)
FN:4276,(anonymous_422)
FN:4280,(anonymous_423)
FN:4286,(anonymous_424)
FN:4293,(anonymous_425)
FN:4296,(anonymous_426)
FN:4307,(anonymous_427)
FN:4315,_interopRequireDefault
FN:4331,(anonymous_429)
FN:4338,(anonymous_430)
FN:4342,(anonymous_431)
FN:4358,(anonymous_432)
FN:4393,(anonymous_433)
FN:4400,(anonymous_434)
FN:4408,(anonymous_435)
FN:4415,(anonymous_436)
FN:4424,(anonymous_437)
FN:4429,(anonymous_438)
FN:4437,(anonymous_439)
FN:4444,(anonymous_440)
FN:4448,(anonymous_441)
FN:4457,(anonymous_442)
FN:4458,(anonymous_443)
FN:4460,(anonymous_444)
FN:4464,(anonymous_445)
FN:4466,(anonymous_446)
FN:4472,(anonymous_447)
FN:4480,(anonymous_448)
FN:4494,(anonymous_449)
FN:4500,(anonymous_450)
FN:4509,(anonymous_451)
FN:4551,(anonymous_452)
FN:4553,(anonymous_453)
FN:4556,(anonymous_454)
FN:4564,(anonymous_455)
FN:4571,(anonymous_456)
FN:4580,(anonymous_457)
FN:4599,(anonymous_458)
FN:4606,(anonymous_459)
FN:4615,(anonymous_460)
FN:4616,(anonymous_461)
FN:4618,(anonymous_462)
FN:4622,(anonymous_463)
FN:4623,(anonymous_464)
FN:4626,(anonymous_465)
FN:4632,(anonymous_466)
FN:4637,(anonymous_467)
FN:4642,(anonymous_468)
FN:4645,(anonymous_469)
FN:4649,(anonymous_470)
FN:4655,(anonymous_471)
FN:4673,(anonymous_472)
FN:4680,(anonymous_473)
FN:4689,(anonymous_474)
FN:4690,(anonymous_475)
FN:4692,(anonymous_476)
FN:4696,(anonymous_477)
FN:4697,(anonymous_478)
FN:4700,(anonymous_479)
FN:4706,(anonymous_480)
FN:4711,(anonymous_481)
FN:4716,(anonymous_482)
FN:4719,(anonymous_483)
FN:4723,(anonymous_484)
FN:4729,(anonymous_485)
FN:4747,(anonymous_486)
FN:4754,(anonymous_487)
FN:4760,(anonymous_488)
FN:4766,(anonymous_489)
FN:4768,(anonymous_490)
FN:4785,(anonymous_491)
FN:4788,(anonymous_492)
FN:4796,(anonymous_493)
FN:4803,(anonymous_494)
FN:4809,(anonymous_495)
FN:4818,(anonymous_496)
FN:4820,(anonymous_497)
FN:4837,(anonymous_498)
FN:4840,(anonymous_499)
FN:4848,(anonymous_500)
FN:4855,(anonymous_501)
FN:4864,(anonymous_502)
FN:4872,(anonymous_503)
FN:4880,(anonymous_504)
FN:4887,(anonymous_505)
FN:4896,(anonymous_506)
FN:4904,(anonymous_507)
FN:4915,(anonymous_508)
FN:4923,(anonymous_509)
FN:4923,defineProperties
FN:4923,(anonymous_511)
FN:4925,_interopRequireDefault
FN:4927,_classCallCheck
FN:4944,(anonymous_514)
FN:4945,Multi
FN:4962,(anonymous_516)
FN:4963,(anonymous_517)
FN:4978,exec
FN:4985,loop
FN:4989,(anonymous_520)
FN:4992,(anonymous_521)
FN:5009,(anonymous_522)
FN:5013,(anonymous_523)
FN:5014,Sorter
FN:5029,(anonymous_525)
FN:5037,(anonymous_526)
FN:5038,(anonymous_527)
FN:5044,(anonymous_528)
FN:5060,(anonymous_529)
FN:5063,(anonymous_530)
FN:5069,(anonymous_531)
FN:5076,(anonymous_532)
FN:5080,(anonymous_533)
FN:5093,by
FN:5110,(anonymous_535)
FN:5124,(anonymous_536)
FN:5133,(anonymous_537)
FN:5135,(anonymous_538)
FN:5143,(anonymous_539)
FN:5153,asc
FN:5158,(anonymous_541)
FN:5166,handle
FN:5183,desc
FN:5188,(anonymous_544)
FN:5196,handle
FN:5213,get
FN:5218,handle
FN:5220,(anonymous_548)
FN:5227,(anonymous_549)
FN:5232,(anonymous_550)
FN:5239,(anonymous_551)
FN:5248,(anonymous_552)
FN:5272,hget
FN:5277,handle
FN:5279,(anonymous_555)
FN:5286,(anonymous_556)
FN:5291,(anonymous_557)
FN:5298,(anonymous_558)
FN:5307,(anonymous_559)
FN:5331,limit
FN:5336,handle
FN:5353,flatten
FN:5372,(anonymous_563)
FN:5392,store
FN:5398,(anonymous_565)
FN:5401,(anonymous_566)
FN:5406,(anonymous_567)
FN:5407,(anonymous_568)
FN:5410,(anonymous_569)
FN:5424,(anonymous_570)
FN:5429,(anonymous_571)
FN:5430,Scanner
FN:5445,scan
FN:5452,(anonymous_574)
FN:5456,(anonymous_575)
FN:5472,(anonymous_576)
FN:5480,match
FN:5490,count
FN:5503,(anonymous_579)
FN:5516,(anonymous_580)
FN:5524,(anonymous_581)
FN:5524,defineProperties
FN:5524,(anonymous_583)
FN:5526,_classCallCheck
FN:5528,(anonymous_585)
FN:5529,memStore
FN:5535,get
FN:5544,set
FN:5553,remove
FN:5567,(anonymous_590)
FN:5568,localStore
FN:5574,get
FN:5583,set
FN:5592,remove
FNF:594
FNH:207
FNDA:1,webpackUniversalModuleDefinition
FNDA:1,(anonymous_2)
FNDA:1,(anonymous_3)
FNDA:25,__webpack_require__
FNDA:1,(anonymous_5)
FNDA:1,(anonymous_6)
FNDA:1,(anonymous_7)
FNDA:0,sliceIterator
FNDA:4,(anonymous_9)
FNDA:7,_interopRequireDefault
FNDA:0,(anonymous_11)
FNDA:42,(anonymous_12)
FNDA:42,(anonymous_13)
FNDA:0,load
FNDA:0,(anonymous_15)
FNDA:41,(anonymous_16)
FNDA:41,handle
FNDA:3,(anonymous_18)
FNDA:3,(anonymous_19)
FNDA:0,reject
FNDA:3,(anonymous_21)
FNDA:3,(anonymous_22)
FNDA:3,(anonymous_23)
FNDA:3,(anonymous_24)
FNDA:3,(anonymous_25)
FNDA:2,(anonymous_26)
FNDA:1,reject
FNDA:4,(anonymous_28)
FNDA:1,(anonymous_29)
FNDA:6,(anonymous_30)
FNDA:2,(anonymous_31)
FNDA:2,(anonymous_32)
FNDA:8,loop
FNDA:6,(anonymous_34)
FNDA:2,(anonymous_35)
FNDA:2,(anonymous_36)
FNDA:2,(anonymous_37)
FNDA:2,(anonymous_38)
FNDA:0,(anonymous_39)
FNDA:3,(anonymous_40)
FNDA:3,(anonymous_41)
FNDA:9,(anonymous_42)
FNDA:6,(anonymous_43)
FNDA:0,(anonymous_44)
FNDA:1,(anonymous_45)
FNDA:1,(anonymous_46)
FNDA:1,(anonymous_47)
FNDA:1,done
FNDA:1,(anonymous_49)
FNDA:1,(anonymous_50)
FNDA:0,(anonymous_51)
FNDA:3,loop
FNDA:2,(anonymous_53)
FNDA:0,(anonymous_54)
FNDA:6,(anonymous_55)
FNDA:61,(anonymous_56)
FNDA:2,(anonymous_57)
FNDA:1,(anonymous_58)
FNDA:1,handle
FNDA:1,(anonymous_60)
FNDA:489,noop
FNDA:0,inherits
FNDA:7,extend
FNDA:0,isNumber
FNDA:0,isUndefined
FNDA:0,isObject
FNDA:1,arrayUnique
FNDA:0,arrayInter
FNDA:0,(anonymous_69)
FNDA:0,arrayDiff
FNDA:0,(anonymous_71)
FNDA:1,(anonymous_72)
FNDA:0,flatten
FNDA:0,(anonymous_74)
FNDA:0,(anonymous_75)
FNDA:1,(anonymous_76)
FNDA:1,(anonymous_77)
FNDA:1,(anonymous_78)
FNDA:2,defineProperties
FNDA:2,(anonymous_80)
FNDA:1,_interopRequireDefault
FNDA:0,_classCallCheck
FNDA:1,(anonymous_83)
FNDA:0,EventEmitter
FNDA:0,setMaxListeners
FNDA:179,emit
FNDA:6,addListener
FNDA:0,once
FNDA:0,g
FNDA:6,removeListener
FNDA:0,removeAllListeners
FNDA:0,listeners
FNDA:0,(anonymous_93)
FNDA:0,(anonymous_94)
FNDA:1,(anonymous_95)
FNDA:0,_Promise
FNDA:0,then
FNDA:0,(anonymous_98)
FNDA:0,_catch
FNDA:0,resolve
FNDA:0,reject
FNDA:269,Promise
FNDA:269,(anonymous_103)
FNDA:262,(anonymous_104)
FNDA:8,(anonymous_105)
FNDA:1,(anonymous_106)
FNDA:1,(anonymous_107)
FNDA:1,(anonymous_108)
FNDA:0,sliceIterator
FNDA:14,(anonymous_110)
FNDA:1,_interopRequireDefault
FNDA:62,(anonymous_112)
FNDA:62,(anonymous_113)
FNDA:0,load
FNDA:0,(anonymous_115)
FNDA:4,(anonymous_116)
FNDA:4,(anonymous_117)
FNDA:2,(anonymous_118)
FNDA:0,(anonymous_119)
FNDA:1,(anonymous_120)
FNDA:2,timeout
FNDA:1,(anonymous_122)
FNDA:1,(anonymous_123)
FNDA:0,(anonymous_124)
FNDA:1,(anonymous_125)
FNDA:2,timeout
FNDA:1,(anonymous_127)
FNDA:1,(anonymous_128)
FNDA:2,(anonymous_129)
FNDA:4,next
FNDA:4,(anonymous_131)
FNDA:0,(anonymous_132)
FNDA:2,out
FNDA:2,(anonymous_134)
FNDA:3,next
FNDA:2,(anonymous_136)
FNDA:1,(anonymous_137)
FNDA:2,out
FNDA:2,(anonymous_139)
FNDA:2,(anonymous_140)
FNDA:2,(anonymous_141)
FNDA:2,(anonymous_142)
FNDA:2,(anonymous_143)
FNDA:0,(anonymous_144)
FNDA:48,(anonymous_145)
FNDA:46,(anonymous_146)
FNDA:0,load
FNDA:0,(anonymous_148)
FNDA:0,(anonymous_149)
FNDA:0,(anonymous_150)
FNDA:0,(anonymous_151)
FNDA:0,(anonymous_152)
FNDA:2,(anonymous_153)
FNDA:3,next
FNDA:3,(anonymous_155)
FNDA:2,out
FNDA:1,(anonymous_157)
FNDA:1,(anonymous_158)
FNDA:1,(anonymous_159)
FNDA:1,(anonymous_160)
FNDA:0,(anonymous_161)
FNDA:3,(anonymous_162)
FNDA:3,(anonymous_163)
FNDA:0,(anonymous_164)
FNDA:2,(anonymous_165)
FNDA:2,(anonymous_166)
FNDA:2,(anonymous_167)
FNDA:2,(anonymous_168)
FNDA:2,(anonymous_169)
FNDA:0,(anonymous_170)
FNDA:2,(anonymous_171)
FNDA:2,(anonymous_172)
FNDA:2,(anonymous_173)
FNDA:2,(anonymous_174)
FNDA:2,(anonymous_175)
FNDA:0,(anonymous_176)
FNDA:2,(anonymous_177)
FNDA:2,(anonymous_178)
FNDA:2,(anonymous_179)
FNDA:2,(anonymous_180)
FNDA:2,(anonymous_181)
FNDA:0,(anonymous_182)
FNDA:2,(anonymous_183)
FNDA:2,(anonymous_184)
FNDA:2,(anonymous_185)
FNDA:2,(anonymous_186)
FNDA:2,(anonymous_187)
FNDA:0,(anonymous_188)
FNDA:1,(anonymous_189)
FNDA:1,(anonymous_190)
FNDA:0,sliceIterator
FNDA:3,(anonymous_192)
FNDA:1,_interopRequireDefault
FNDA:7,(anonymous_194)
FNDA:7,(anonymous_195)
FNDA:2,(anonymous_196)
FNDA:2,(anonymous_197)
FNDA:5,(anonymous_198)
FNDA:7,(anonymous_199)
FNDA:2,(anonymous_200)
FNDA:2,(anonymous_201)
FNDA:1,(anonymous_202)
FNDA:1,(anonymous_203)
FNDA:2,next
FNDA:2,(anonymous_205)
FNDA:0,(anonymous_206)
FNDA:1,out
FNDA:1,(anonymous_208)
FNDA:1,(anonymous_209)
FNDA:1,(anonymous_210)
FNDA:0,(anonymous_211)
FNDA:0,(anonymous_212)
FNDA:0,(anonymous_213)
FNDA:0,(anonymous_214)
FNDA:0,(anonymous_215)
FNDA:1,(anonymous_216)
FNDA:1,(anonymous_217)
FNDA:1,(anonymous_218)
FNDA:0,(anonymous_219)
FNDA:0,(anonymous_220)
FNDA:0,(anonymous_221)
FNDA:0,(anonymous_222)
FNDA:0,(anonymous_223)
FNDA:0,(anonymous_224)
FNDA:0,(anonymous_225)
FNDA:0,(anonymous_226)
FNDA:0,(anonymous_227)
FNDA:0,(anonymous_228)
FNDA:0,(anonymous_229)
FNDA:0,(anonymous_230)
FNDA:0,(anonymous_231)
FNDA:0,(anonymous_232)
FNDA:0,(anonymous_233)
FNDA:0,(anonymous_234)
FNDA:4,(anonymous_235)
FNDA:4,(anonymous_236)
FNDA:4,(anonymous_237)
FNDA:0,(anonymous_238)
FNDA:0,(anonymous_239)
FNDA:0,(anonymous_240)
FNDA:0,(anonymous_241)
FNDA:0,(anonymous_242)
FNDA:0,(anonymous_243)
FNDA:0,(anonymous_244)
FNDA:0,(anonymous_245)
FNDA:0,(anonymous_246)
FNDA:0,(anonymous_247)
FNDA:0,(anonymous_248)
FNDA:0,(anonymous_249)
FNDA:0,(anonymous_250)
FNDA:0,(anonymous_251)
FNDA:0,(anonymous_252)
FNDA:0,(anonymous_253)
FNDA:0,(anonymous_254)
FNDA:0,(anonymous_255)
FNDA:0,(anonymous_256)
FNDA:0,(anonymous_257)
FNDA:0,(anonymous_258)
FNDA:0,(anonymous_259)
FNDA:0,(anonymous_260)
FNDA:0,(anonymous_261)
FNDA:0,(anonymous_262)
FNDA:1,(anonymous_263)
FNDA:1,(anonymous_264)
FNDA:0,sliceIterator
FNDA:0,(anonymous_266)
FNDA:1,_interopRequireDefault
FNDA:1,(anonymous_268)
FNDA:1,(anonymous_269)
FNDA:1,(anonymous_270)
FNDA:0,(anonymous_271)
FNDA:0,(anonymous_272)
FNDA:1,(anonymous_273)
FNDA:0,(anonymous_274)
FNDA:0,(anonymous_275)
FNDA:0,(anonymous_276)
FNDA:0,(anonymous_277)
FNDA:0,(anonymous_278)
FNDA:0,(anonymous_279)
FNDA:0,(anonymous_280)
FNDA:0,(anonymous_281)
FNDA:0,(anonymous_282)
FNDA:0,(anonymous_283)
FNDA:0,(anonymous_284)
FNDA:0,(anonymous_285)
FNDA:0,(anonymous_286)
FNDA:0,(anonymous_287)
FNDA:0,(anonymous_288)
FNDA:0,(anonymous_289)
FNDA:0,(anonymous_290)
FNDA:0,(anonymous_291)
FNDA:0,(anonymous_292)
FNDA:0,(anonymous_293)
FNDA:0,(anonymous_294)
FNDA:0,(anonymous_295)
FNDA:0,(anonymous_296)
FNDA:0,(anonymous_297)
FNDA:0,(anonymous_298)
FNDA:0,(anonymous_299)
FNDA:0,(anonymous_300)
FNDA:0,(anonymous_301)
FNDA:0,(anonymous_302)
FNDA:0,(anonymous_303)
FNDA:0,(anonymous_304)
FNDA:0,(anonymous_305)
FNDA:0,(anonymous_306)
FNDA:0,(anonymous_307)
FNDA:0,(anonymous_308)
FNDA:0,(anonymous_309)
FNDA:0,(anonymous_310)
FNDA:0,(anonymous_311)
FNDA:0,(anonymous_312)
FNDA:0,(anonymous_313)
FNDA:0,(anonymous_314)
FNDA:0,(anonymous_315)
FNDA:0,(anonymous_316)
FNDA:0,(anonymous_317)
FNDA:0,(anonymous_318)
FNDA:0,(anonymous_319)
FNDA:0,(anonymous_320)
FNDA:0,(anonymous_321)
FNDA:0,(anonymous_322)
FNDA:0,(anonymous_323)
FNDA:0,(anonymous_324)
FNDA:0,(anonymous_325)
FNDA:0,(anonymous_326)
FNDA:0,(anonymous_327)
FNDA:0,(anonymous_328)
FNDA:0,(anonymous_329)
FNDA:0,(anonymous_330)
FNDA:0,(anonymous_331)
FNDA:0,(anonymous_332)
FNDA:0,(anonymous_333)
FNDA:0,(anonymous_334)
FNDA:0,(anonymous_335)
FNDA:0,(anonymous_336)
FNDA:0,(anonymous_337)
FNDA:0,(anonymous_338)
FNDA:0,(anonymous_339)
FNDA:0,(anonymous_340)
FNDA:0,(anonymous_341)
FNDA:0,(anonymous_342)
FNDA:0,(anonymous_343)
FNDA:0,(anonymous_344)
FNDA:0,(anonymous_345)
FNDA:1,(anonymous_346)
FNDA:1,(anonymous_347)
FNDA:0,sliceIterator
FNDA:0,(anonymous_349)
FNDA:1,_interopRequireDefault
FNDA:1,(anonymous_351)
FNDA:1,(anonymous_352)
FNDA:1,(anonymous_353)
FNDA:1,(anonymous_354)
FNDA:1,(anonymous_355)
FNDA:0,(anonymous_356)
FNDA:0,(anonymous_357)
FNDA:0,(anonymous_358)
FNDA:0,(anonymous_359)
FNDA:0,(anonymous_360)
FNDA:0,(anonymous_361)
FNDA:0,(anonymous_362)
FNDA:0,(anonymous_363)
FNDA:0,(anonymous_364)
FNDA:0,(anonymous_365)
FNDA:0,(anonymous_366)
FNDA:0,(anonymous_367)
FNDA:0,(anonymous_368)
FNDA:0,(anonymous_369)
FNDA:0,(anonymous_370)
FNDA:0,(anonymous_371)
FNDA:0,(anonymous_372)
FNDA:0,(anonymous_373)
FNDA:0,(anonymous_374)
FNDA:0,(anonymous_375)
FNDA:0,(anonymous_376)
FNDA:0,(anonymous_377)
FNDA:0,(anonymous_378)
FNDA:0,(anonymous_379)
FNDA:0,(anonymous_380)
FNDA:0,(anonymous_381)
FNDA:0,(anonymous_382)
FNDA:0,(anonymous_383)
FNDA:0,(anonymous_384)
FNDA:0,(anonymous_385)
FNDA:0,(anonymous_386)
FNDA:0,(anonymous_387)
FNDA:0,(anonymous_388)
FNDA:0,(anonymous_389)
FNDA:0,(anonymous_390)
FNDA:0,(anonymous_391)
FNDA:0,(anonymous_392)
FNDA:0,(anonymous_393)
FNDA:0,(anonymous_394)
FNDA:0,(anonymous_395)
FNDA:0,(anonymous_396)
FNDA:0,(anonymous_397)
FNDA:0,(anonymous_398)
FNDA:0,(anonymous_399)
FNDA:0,(anonymous_400)
FNDA:0,(anonymous_401)
FNDA:0,(anonymous_402)
FNDA:0,(anonymous_403)
FNDA:0,(anonymous_404)
FNDA:0,(anonymous_405)
FNDA:0,(anonymous_406)
FNDA:0,(anonymous_407)
FNDA:0,(anonymous_408)
FNDA:0,(anonymous_409)
FNDA:0,(anonymous_410)
FNDA:0,(anonymous_411)
FNDA:0,(anonymous_412)
FNDA:0,(anonymous_413)
FNDA:0,(anonymous_414)
FNDA:0,(anonymous_415)
FNDA:0,(anonymous_416)
FNDA:0,(anonymous_417)
FNDA:0,(anonymous_418)
FNDA:0,(anonymous_419)
FNDA:0,(anonymous_420)
FNDA:0,(anonymous_421)
FNDA:0,(anonymous_422)
FNDA:0,(anonymous_423)
FNDA:0,(anonymous_424)
FNDA:0,(anonymous_425)
FNDA:0,(anonymous_426)
FNDA:1,(anonymous_427)
FNDA:1,_interopRequireDefault
FNDA:1,(anonymous_429)
FNDA:1,(anonymous_430)
FNDA:1,(anonymous_431)
FNDA:1,(anonymous_432)
FNDA:1,(anonymous_433)
FNDA:0,(anonymous_434)
FNDA:0,(anonymous_435)
FNDA:0,(anonymous_436)
FNDA:0,(anonymous_437)
FNDA:0,(anonymous_438)
FNDA:0,(anonymous_439)
FNDA:0,(anonymous_440)
FNDA:0,(anonymous_441)
FNDA:0,(anonymous_442)
FNDA:0,(anonymous_443)
FNDA:0,(anonymous_444)
FNDA:0,(anonymous_445)
FNDA:0,(anonymous_446)
FNDA:0,(anonymous_447)
FNDA:0,(anonymous_448)
FNDA:0,(anonymous_449)
FNDA:0,(anonymous_450)
FNDA:0,(anonymous_451)
FNDA:0,(anonymous_452)
FNDA:0,(anonymous_453)
FNDA:0,(anonymous_454)
FNDA:0,(anonymous_455)
FNDA:0,(anonymous_456)
FNDA:0,(anonymous_457)
FNDA:0,(anonymous_458)
FNDA:0,(anonymous_459)
FNDA:0,(anonymous_460)
FNDA:0,(anonymous_461)
FNDA:0,(anonymous_462)
FNDA:0,(anonymous_463)
FNDA:0,(anonymous_464)
FNDA:0,(anonymous_465)
FNDA:0,(anonymous_466)
FNDA:0,(anonymous_467)
FNDA:0,(anonymous_468)
FNDA:0,(anonymous_469)
FNDA:0,(anonymous_470)
FNDA:0,(anonymous_471)
FNDA:0,(anonymous_472)
FNDA:0,(anonymous_473)
FNDA:0,(anonymous_474)
FNDA:0,(anonymous_475)
FNDA:0,(anonymous_476)
FNDA:0,(anonymous_477)
FNDA:0,(anonymous_478)
FNDA:0,(anonymous_479)
FNDA:0,(anonymous_480)
FNDA:0,(anonymous_481)
FNDA:0,(anonymous_482)
FNDA:0,(anonymous_483)
FNDA:0,(anonymous_484)
FNDA:0,(anonymous_485)
FNDA:0,(anonymous_486)
FNDA:0,(anonymous_487)
FNDA:0,(anonymous_488)
FNDA:0,(anonymous_489)
FNDA:0,(anonymous_490)
FNDA:0,(anonymous_491)
FNDA:0,(anonymous_492)
FNDA:0,(anonymous_493)
FNDA:0,(anonymous_494)
FNDA:0,(anonymous_495)
FNDA:0,(anonymous_496)
FNDA:0,(anonymous_497)
FNDA:0,(anonymous_498)
FNDA:0,(anonymous_499)
FNDA:0,(anonymous_500)
FNDA:0,(anonymous_501)
FNDA:0,(anonymous_502)
FNDA:0,(anonymous_503)
FNDA:0,(anonymous_504)
FNDA:0,(anonymous_505)
FNDA:0,(anonymous_506)
FNDA:0,(anonymous_507)
FNDA:1,(anonymous_508)
FNDA:1,(anonymous_509)
FNDA:3,defineProperties
FNDA:3,(anonymous_511)
FNDA:1,_interopRequireDefault
FNDA:1,_classCallCheck
FNDA:1,(anonymous_514)
FNDA:1,Multi
FNDA:104,(anonymous_516)
FNDA:2,(anonymous_517)
FNDA:1,exec
FNDA:3,loop
FNDA:2,(anonymous_520)
FNDA:0,(anonymous_521)
FNDA:1,(anonymous_522)
FNDA:1,(anonymous_523)
FNDA:0,Sorter
FNDA:0,(anonymous_525)
FNDA:0,(anonymous_526)
FNDA:0,(anonymous_527)
FNDA:0,(anonymous_528)
FNDA:0,(anonymous_529)
FNDA:0,(anonymous_530)
FNDA:0,(anonymous_531)
FNDA:0,(anonymous_532)
FNDA:0,(anonymous_533)
FNDA:0,by
FNDA:0,(anonymous_535)
FNDA:0,(anonymous_536)
FNDA:0,(anonymous_537)
FNDA:0,(anonymous_538)
FNDA:0,(anonymous_539)
FNDA:0,asc
FNDA:0,(anonymous_541)
FNDA:0,handle
FNDA:0,desc
FNDA:0,(anonymous_544)
FNDA:0,handle
FNDA:0,get
FNDA:0,handle
FNDA:0,(anonymous_548)
FNDA:0,(anonymous_549)
FNDA:0,(anonymous_550)
FNDA:0,(anonymous_551)
FNDA:0,(anonymous_552)
FNDA:0,hget
FNDA:0,handle
FNDA:0,(anonymous_555)
FNDA:0,(anonymous_556)
FNDA:0,(anonymous_557)
FNDA:0,(anonymous_558)
FNDA:0,(anonymous_559)
FNDA:0,limit
FNDA:0,handle
FNDA:0,flatten
FNDA:0,(anonymous_563)
FNDA:0,store
FNDA:0,(anonymous_565)
FNDA:0,(anonymous_566)
FNDA:0,(anonymous_567)
FNDA:0,(anonymous_568)
FNDA:0,(anonymous_569)
FNDA:0,(anonymous_570)
FNDA:1,(anonymous_571)
FNDA:0,Scanner
FNDA:0,scan
FNDA:0,(anonymous_574)
FNDA:0,(anonymous_575)
FNDA:0,(anonymous_576)
FNDA:0,match
FNDA:0,count
FNDA:0,(anonymous_579)
FNDA:1,(anonymous_580)
FNDA:1,(anonymous_581)
FNDA:2,defineProperties
FNDA:2,(anonymous_583)
FNDA:1,_classCallCheck
FNDA:1,(anonymous_585)
FNDA:0,memStore
FNDA:0,get
FNDA:0,set
FNDA:0,remove
FNDA:1,(anonymous_590)
FNDA:1,localStore
FNDA:1,get
FNDA:0,set
FNDA:0,remove
DA:9,1
DA:10,1
DA:11,1
DA:12,0
DA:13,0
DA:14,0
DA:15,0
DA:17,0
DA:19,1
DA:21,1
DA:24,1
DA:27,25
DA:28,14
DA:31,11
DA:38,11
DA:41,11
DA:44,11
DA:49,1
DA:52,1
DA:55,1
DA:58,1
DA:65,1
DA:66,1
DA:75,1
DA:79,4
DA:81,7
DA:83,1
DA:85,1
DA:87,1
DA:89,1
DA:91,1
DA:93,1
DA:95,1
DA:97,1
DA:99,1
DA:101,1
DA:103,1
DA:105,1
DA:107,1
DA:109,1
DA:111,1
DA:113,1
DA:115,1
DA:117,1
DA:118,1
DA:120,1
DA:121,1
DA:122,1
DA:124,1
DA:125,1
DA:127,1
DA:129,1
DA:130,1
DA:131,1
DA:143,1
DA:144,0
DA:146,0
DA:148,0
DA:149,0
DA:150,0
DA:151,0
DA:155,0
DA:168,1
DA:169,42
DA:171,42
DA:174,42
DA:176,42
DA:177,42
DA:178,42
DA:179,41
DA:182,42
DA:186,42
DA:189,42
DA:191,42
DA:194,0
DA:196,0
DA:197,0
DA:199,0
DA:200,0
DA:203,0
DA:206,0
DA:207,0
DA:211,0
DA:212,0
DA:214,0
DA:217,42
DA:218,42
DA:220,42
DA:223,42
DA:224,42
DA:227,0
DA:228,0
DA:232,42
DA:241,1
DA:242,41
DA:245,41
DA:247,41
DA:249,41
DA:250,41
DA:251,23
DA:252,23
DA:255,18
DA:256,18
DA:259,41
DA:260,0
DA:262,41
DA:263,41
DA:266,41
DA:276,1
DA:277,3
DA:279,3
DA:282,3
DA:284,3
DA:285,3
DA:286,3
DA:287,3
DA:290,3
DA:293,3
DA:295,3
DA:296,0
DA:297,0
DA:300,3
DA:301,3
DA:303,3
DA:304,3
DA:305,0
DA:307,0
DA:309,3
DA:312,3
DA:313,3
DA:315,3
DA:317,3
DA:319,3
DA:320,3
DA:321,3
DA:324,0
DA:327,3
DA:338,1
DA:339,3
DA:341,3
DA:344,3
DA:346,3
DA:347,2
DA:348,2
DA:349,2
DA:352,2
DA:356,3
DA:357,1
DA:358,1
DA:361,3
DA:363,1
DA:365,2
DA:367,3
DA:376,1
DA:377,4
DA:380,4
DA:383,4
DA:386,4
DA:387,4
DA:389,4
DA:391,4
DA:392,7
DA:393,7
DA:398,4
DA:399,4
DA:401,4
DA:409,1
DA:410,1
DA:413,1
DA:416,1
DA:419,1
DA:422,1
DA:423,1
DA:424,1
DA:426,1
DA:435,1
DA:436,6
DA:439,6
DA:441,6
DA:442,6
DA:443,6
DA:445,0
DA:446,0
DA:449,6
DA:457,1
DA:458,2
DA:460,2
DA:462,2
DA:463,2
DA:464,2
DA:465,2
DA:467,2
DA:468,2
DA:469,2
DA:470,2
DA:473,2
DA:476,1
DA:477,8
DA:478,6
DA:479,6
DA:480,6
DA:483,6
DA:486,2
DA:487,2
DA:491,2
DA:493,2
DA:501,1
DA:502,2
DA:504,2
DA:506,2
DA:508,2
DA:509,2
DA:511,2
DA:512,2
DA:514,2
DA:517,2
DA:518,2
DA:520,2
DA:522,2
DA:523,2
DA:525,2
DA:526,2
DA:528,0
DA:529,0
DA:532,2
DA:540,1
DA:541,3
DA:543,3
DA:545,3
DA:546,3
DA:548,3
DA:550,3
DA:551,3
DA:552,0
DA:553,0
DA:556,3
DA:557,9
DA:558,6
DA:559,6
DA:560,6
DA:562,0
DA:563,0
DA:566,3
DA:567,3
DA:568,3
DA:573,3
DA:582,1
DA:583,1
DA:585,1
DA:587,1
DA:588,1
DA:590,1
DA:591,1
DA:592,1
DA:596,1
DA:598,1
DA:599,1
DA:600,1
DA:601,1
DA:603,0
DA:604,0
DA:607,1
DA:609,1
DA:610,1
DA:612,0
DA:613,0
DA:617,1
DA:618,3
DA:619,2
DA:620,2
DA:622,0
DA:623,0
DA:626,1
DA:630,1
DA:632,1
DA:635,1
DA:644,1
DA:645,6
DA:647,6
DA:648,3
DA:649,3
DA:652,6
DA:654,6
DA:656,6
DA:657,61
DA:658,38
DA:661,61
DA:662,2
DA:665,6
DA:667,6
DA:669,6
DA:678,1
DA:679,2
DA:680,1
DA:681,1
DA:684,2
DA:691,1
DA:692,1
DA:694,1
DA:695,4
DA:696,4
DA:701,1
DA:702,1
DA:703,1
DA:704,1
DA:705,1
DA:706,1
DA:709,1
DA:710,1
DA:711,1
DA:712,1
DA:715,0
DA:716,0
DA:718,0
DA:721,1
DA:722,0
DA:724,1
DA:725,1
DA:726,0
DA:728,1
DA:731,1
DA:740,1
DA:743,1
DA:745,489
DA:749,0
DA:750,0
DA:761,7
DA:763,7
DA:765,7
DA:766,7
DA:768,7
DA:769,7
DA:770,7
DA:772,7
DA:773,7
DA:774,85
DA:776,85
DA:779,0
DA:780,0
DA:782,7
DA:783,7
DA:784,0
DA:787,7
DA:788,0
DA:794,7
DA:797,0
DA:800,0
DA:803,0
DA:806,1
DA:807,1
DA:808,1
DA:809,1
DA:810,0
DA:812,1
DA:813,1
DA:815,1
DA:818,0
DA:819,0
DA:820,0
DA:822,0
DA:823,0
DA:824,0
DA:826,0
DA:827,0
DA:828,0
DA:830,0
DA:831,0
DA:835,0
DA:836,0
DA:838,0
DA:839,0
DA:840,0
DA:843,0
DA:844,0
DA:849,0
DA:853,0
DA:854,0
DA:855,0
DA:857,0
DA:858,0
DA:859,0
DA:861,0
DA:862,0
DA:863,0
DA:865,0
DA:866,0
DA:870,0
DA:871,0
DA:873,0
DA:874,0
DA:875,0
DA:878,0
DA:879,0
DA:884,0
DA:889,1
DA:890,0
DA:893,1
DA:894,0
DA:897,1
DA:899,0
DA:901,0
DA:902,0
DA:903,0
DA:905,0
DA:906,0
DA:908,0
DA:909,0
DA:910,0
DA:912,0
DA:913,0
DA:916,0
DA:919,1
DA:925,1
DA:927,1
DA:931,11
DA:933,1
DA:935,1
DA:937,1
DA:939,1
DA:941,1
DA:943,1
DA:945,1
DA:947,1
DA:948,1
DA:949,0
DA:951,0
DA:952,0
DA:955,1
DA:958,0
DA:959,0
DA:964,179
DA:966,179
DA:969,179
DA:970,0
DA:971,0
DA:972,0
DA:973,0
DA:974,0
DA:975,0
DA:977,0
DA:979,0
DA:983,179
DA:985,179
DA:987,61
DA:988,5
DA:991,0
DA:992,0
DA:994,3
DA:995,3
DA:997,2
DA:998,2
DA:1001,0
DA:1002,0
DA:1003,0
DA:1004,0
DA:1006,56
DA:1007,56
DA:1008,56
DA:1009,92
DA:1011,56
DA:1012,56
DA:1013,56
DA:1016,61
DA:1021,6
DA:1023,6
DA:1025,6
DA:1029,6
DA:1031,6
DA:1033,3
DA:1035,1
DA:1037,2
DA:1040,6
DA:1041,3
DA:1042,3
DA:1043,0
DA:1044,0
DA:1045,0
DA:1049,6
DA:1054,0
DA:1056,1
DA:1057,0
DA:1058,0
DA:1061,0
DA:1062,0
DA:1064,0
DA:1069,6
DA:1071,6
DA:1073,6
DA:1075,5
DA:1076,5
DA:1077,5
DA:1079,5
DA:1080,1
DA:1081,1
DA:1082,4
DA:1083,4
DA:1084,5
DA:1085,3
DA:1086,3
DA:1090,4
DA:1092,3
DA:1093,0
DA:1094,0
DA:1096,3
DA:1099,3
DA:1102,4
DA:1107,0
DA:1109,0
DA:1112,0
DA:1113,0
DA:1114,0
DA:1118,0
DA:1119,0
DA:1121,0
DA:1122,0
DA:1123,0
DA:1124,0
DA:1126,0
DA:1127,0
DA:1128,0
DA:1131,0
DA:1133,0
DA:1134,0
DA:1137,0
DA:1139,0
DA:1141,0
DA:1146,0
DA:1147,0
DA:1148,0
DA:1152,1
DA:1155,1
DA:1157,1
DA:1158,1
DA:1159,0
DA:1160,0
DA:1161,0
DA:1163,1
DA:1164,0
DA:1167,1
DA:1168,1
DA:1169,0
DA:1171,0
DA:1173,0
DA:1174,0
DA:1175,0
DA:1176,0
DA:1177,0
DA:1179,0
DA:1182,1
DA:1185,0
DA:1187,0
DA:1189,0
DA:1191,0
DA:1192,0
DA:1193,0
DA:1194,0
DA:1197,0
DA:1199,0
DA:1200,0
DA:1204,0
DA:1205,0
DA:1206,0
DA:1208,0
DA:1212,0
DA:1217,0
DA:1219,0
DA:1224,0
DA:1225,0
DA:1226,0
DA:1228,0
DA:1229,0
DA:1232,0
DA:1233,0
DA:1234,0
DA:1236,0
DA:1239,0
DA:1240,0
DA:1242,0
DA:1243,0
DA:1244,0
DA:1247,0
DA:1248,0
DA:1253,0
DA:1254,0
DA:1255,0
DA:1260,0
DA:1261,0
DA:1264,0
DA:1266,0
DA:1267,0
DA:1271,1
DA:1274,1
DA:1276,1
DA:1277,269
DA:1278,269
DA:1279,269
DA:1280,269
DA:1282,269
DA:1283,269
DA:1284,269
DA:1285,269
DA:1287,269
DA:1289,269
DA:1290,262
DA:1291,262
DA:1294,262
DA:1296,269
DA:1297,8
DA:1298,8
DA:1301,8
DA:1304,0
DA:1307,269
DA:1309,1
DA:1317,1
DA:1321,14
DA:1323,1
DA:1325,1
DA:1327,1
DA:1329,1
DA:1331,1
DA:1333,1
DA:1334,1
DA:1336,1
DA:1349,1
DA:1350,62
DA:1353,62
DA:1355,62
DA:1356,62
DA:1358,62
DA:1359,61
DA:1362,62
DA:1366,62
DA:1369,62
DA:1372,62
DA:1374,62
DA:1376,0
DA:1378,0
DA:1379,0
DA:1380,0
DA:1382,0
DA:1383,0
DA:1386,0
DA:1389,0
DA:1390,0
DA:1393,0
DA:1394,0
DA:1396,0
DA:1400,62
DA:1401,62
DA:1402,62
DA:1405,62
DA:1406,62
DA:1409,62
DA:1419,1
DA:1420,4
DA:1422,4
DA:1425,4
DA:1427,4
DA:1428,4
DA:1429,0
DA:1430,0
DA:1433,4
DA:1435,2
DA:1437,2
DA:1438,2
DA:1440,2
DA:1441,2
DA:1444,2
DA:1445,2
DA:1447,0
DA:1448,0
DA:1453,4
DA:1464,1
DA:1465,1
DA:1467,1
DA:1470,1
DA:1473,1
DA:1474,2
DA:1478,1
DA:1480,1
DA:1481,1
DA:1483,1
DA:1485,1
DA:1486,1
DA:1489,1
DA:1490,1
DA:1491,1
DA:1493,0
DA:1494,0
DA:1497,1
DA:1508,1
DA:1509,1
DA:1511,1
DA:1514,1
DA:1517,1
DA:1518,2
DA:1522,1
DA:1524,1
DA:1525,1
DA:1527,1
DA:1529,1
DA:1530,1
DA:1533,1
DA:1534,1
DA:1535,1
DA:1538,1
DA:1547,1
DA:1548,2
DA:1550,2
DA:1552,2
DA:1555,2
DA:1557,2
DA:1560,2
DA:1561,2
DA:1564,2
DA:1566,4
DA:1568,4
DA:1569,4
DA:1571,4
DA:1572,4
DA:1574,4
DA:1576,4
DA:1577,4
DA:1578,2
DA:1580,2
DA:1583,0
DA:1585,0
DA:1586,0
DA:1587,0
DA:1589,0
DA:1594,1
DA:1595,2
DA:1596,0
DA:1597,0
DA:1599,2
DA:1600,2
DA:1604,2
DA:1606,2
DA:1615,1
DA:1616,2
DA:1618,2
DA:1620,2
DA:1621,2
DA:1622,2
DA:1624,2
DA:1625,2
DA:1627,2
DA:1628,3
DA:1630,3
DA:1631,2
DA:1633,2
DA:1634,2
DA:1636,2
DA:1638,2
DA:1639,2
DA:1640,1
DA:1642,1
DA:1645,1
DA:1646,1
DA:1650,1
DA:1651,2
DA:1652,1
DA:1653,1
DA:1655,1
DA:1656,1
DA:1660,2
DA:1662,2
DA:1672,1
DA:1673,2
DA:1675,2
DA:1677,2
DA:1679,2
DA:1680,2
DA:1681,1
DA:1683,1
DA:1685,1
DA:1687,1
DA:1690,2
DA:1692,2
DA:1694,2
DA:1695,2
DA:1697,0
DA:1698,0
DA:1701,2
DA:1710,1
DA:1711,48
DA:1713,48
DA:1716,48
DA:1718,48
DA:1719,46
DA:1723,48
DA:1726,48
DA:1728,48
DA:1730,0
DA:1732,0
DA:1733,0
DA:1734,0
DA:1736,0
DA:1737,0
DA:1740,0
DA:1742,0
DA:1743,0
DA:1744,0
DA:1745,0
DA:1747,0
DA:1748,0
DA:1751,0
DA:1753,0
DA:1754,0
DA:1758,0
DA:1759,0
DA:1761,0
DA:1764,48
DA:1766,48
DA:1768,48
DA:1769,46
DA:1770,46
DA:1772,46
DA:1773,46
DA:1775,0
DA:1776,0
DA:1779,2
DA:1781,2
DA:1782,2
DA:1786,0
DA:1787,0
DA:1791,48
DA:1794,1
DA:1795,0
DA:1797,0
DA:1799,0
DA:1801,0
DA:1802,0
DA:1805,0
DA:1807,0
DA:1808,0
DA:1810,0
DA:1811,0
DA:1813,0
DA:1814,0
DA:1817,0
DA:1826,1
DA:1827,2
DA:1829,2
DA:1832,2
DA:1834,2
DA:1835,2
DA:1836,2
DA:1838,2
DA:1839,3
DA:1841,3
DA:1842,3
DA:1844,3
DA:1846,3
DA:1848,3
DA:1849,0
DA:1850,0
DA:1851,0
DA:1852,0
DA:1853,0
DA:1855,3
DA:1856,3
DA:1857,1
DA:1858,1
DA:1860,1
DA:1861,1
DA:1862,0
DA:1864,1
DA:1868,2
DA:1870,2
DA:1871,2
DA:1872,1
DA:1874,1
DA:1880,1
DA:1881,2
DA:1882,1
DA:1883,1
DA:1885,1
DA:1886,1
DA:1890,2
DA:1892,2
DA:1902,1
DA:1903,1
DA:1905,1
DA:1907,1
DA:1909,1
DA:1910,1
DA:1913,1
DA:1915,1
DA:1916,1
DA:1918,1
DA:1920,1
DA:1921,1
DA:1923,0
DA:1924,0
DA:1927,1
DA:1936,1
DA:1937,3
DA:1939,3
DA:1941,3
DA:1942,3
DA:1943,3
DA:1945,3
DA:1946,3
DA:1948,0
DA:1950,0
DA:1951,0
DA:1954,0
DA:1955,0
DA:1958,3
DA:1967,1
DA:1968,2
DA:1970,2
DA:1972,2
DA:1974,2
DA:1975,2
DA:1978,2
DA:1979,2
DA:1980,1
DA:1982,1
DA:1984,1
DA:1986,1
DA:1989,2
DA:1990,0
DA:1991,0
DA:1994,2
DA:1996,2
DA:1998,2
DA:2000,2
DA:2001,2
DA:2003,2
DA:2004,2
DA:2006,0
DA:2007,0
DA:2010,2
DA:2020,1
DA:2021,2
DA:2023,2
DA:2025,2
DA:2027,2
DA:2028,2
DA:2031,2
DA:2032,2
DA:2033,1
DA:2035,1
DA:2037,1
DA:2039,1
DA:2042,2
DA:2043,0
DA:2044,0
DA:2047,2
DA:2049,2
DA:2051,2
DA:2052,2
DA:2054,0
DA:2055,0
DA:2058,2
DA:2061,1
DA:2063,1
DA:2064,2
DA:2066,2
DA:2068,2
DA:2070,2
DA:2071,2
DA:2074,2
DA:2075,2
DA:2076,1
DA:2078,1
DA:2080,1
DA:2082,1
DA:2085,2
DA:2086,0
DA:2087,0
DA:2090,2
DA:2092,2
DA:2094,2
DA:2096,2
DA:2097,2
DA:2099,2
DA:2100,2
DA:2102,0
DA:2103,0
DA:2106,2
DA:2109,1
DA:2110,2
DA:2112,2
DA:2114,2
DA:2115,2
DA:2116,2
DA:2119,2
DA:2120,2
DA:2121,1
DA:2123,1
DA:2125,1
DA:2127,1
DA:2130,2
DA:2131,0
DA:2132,0
DA:2135,2
DA:2137,2
DA:2139,2
DA:2140,2
DA:2142,0
DA:2143,0
DA:2146,2
DA:2148,1
DA:2156,1
DA:2160,3
DA:2162,1
DA:2164,1
DA:2166,1
DA:2168,1
DA:2170,1
DA:2172,1
DA:2173,1
DA:2183,1
DA:2184,7
DA:2186,7
DA:2188,7
DA:2191,7
DA:2192,7
DA:2193,0
DA:2194,0
DA:2197,7
DA:2199,2
DA:2200,2
DA:2201,0
DA:2202,0
DA:2206,2
DA:2208,2
DA:2209,2
DA:2210,0
DA:2211,0
DA:2214,2
DA:2215,2
DA:2220,5
DA:2222,5
DA:2224,5
DA:2225,5
DA:2226,0
DA:2227,0
DA:2230,5
DA:2232,5
DA:2233,5
DA:2237,7
DA:2238,7
DA:2241,7
DA:2252,1
DA:2253,2
DA:2255,2
DA:2257,2
DA:2259,2
DA:2260,2
DA:2261,0
DA:2262,0
DA:2265,2
DA:2266,1
DA:2267,1
DA:2269,1
DA:2270,1
DA:2271,1
DA:2273,1
DA:2274,1
DA:2277,1
DA:2279,1
DA:2280,1
DA:2284,2
DA:2294,1
DA:2295,1
DA:2297,1
DA:2299,1
DA:2301,1
DA:2303,1
DA:2305,1
DA:2306,1
DA:2308,1
DA:2309,2
DA:2311,2
DA:2312,2
DA:2314,2
DA:2315,2
DA:2316,2
DA:2318,2
DA:2320,2
DA:2321,2
DA:2322,1
DA:2324,1
DA:2327,0
DA:2329,0
DA:2330,0
DA:2331,0
DA:2333,0
DA:2338,1
DA:2339,1
DA:2340,0
DA:2341,0
DA:2343,1
DA:2344,1
DA:2348,1
DA:2350,1
DA:2360,1
DA:2361,1
DA:2363,1
DA:2365,1
DA:2367,1
DA:2368,1
DA:2369,0
DA:2370,0
DA:2373,1
DA:2374,1
DA:2375,1
DA:2376,1
DA:2377,1
DA:2379,0
DA:2380,0
DA:2383,0
DA:2385,0
DA:2386,0
DA:2390,1
DA:2400,1
DA:2401,0
DA:2403,0
DA:2405,0
DA:2407,0
DA:2409,0
DA:2410,0
DA:2413,0
DA:2414,0
DA:2415,0
DA:2416,0
DA:2419,0
DA:2420,0
DA:2423,0
DA:2424,0
DA:2427,0
DA:2436,1
DA:2437,1
DA:2439,1
DA:2441,1
DA:2443,1
DA:2444,1
DA:2445,0
DA:2446,0
DA:2449,1
DA:2450,1
DA:2451,1
DA:2452,1
DA:2454,0
DA:2455,0
DA:2458,0
DA:2460,0
DA:2461,0
DA:2465,1
DA:2475,1
DA:2476,0
DA:2478,0
DA:2480,0
DA:2482,0
DA:2483,0
DA:2485,0
DA:2486,0
DA:2487,0
DA:2489,0
DA:2492,0
DA:2493,0
DA:2494,0
DA:2495,0
DA:2498,0
DA:2499,0
DA:2500,0
DA:2501,0
DA:2503,0
DA:2504,0
DA:2505,0
DA:2507,0
DA:2508,0
DA:2511,0
DA:2514,0
DA:2516,0
DA:2517,0
DA:2521,0
DA:2530,1
DA:2531,0
DA:2533,0
DA:2535,0
DA:2537,0
DA:2538,0
DA:2539,0
DA:2540,0
DA:2543,0
DA:2544,0
DA:2545,0
DA:2547,0
DA:2548,0
DA:2550,0
DA:2551,0
DA:2554,0
DA:2555,0
DA:2559,0
DA:2568,1
DA:2569,0
DA:2571,0
DA:2573,0
DA:2575,0
DA:2576,0
DA:2577,0
DA:2578,0
DA:2581,0
DA:2582,0
DA:2583,0
DA:2585,0
DA:2586,0
DA:2588,0
DA:2589,0
DA:2592,0
DA:2593,0
DA:2597,0
DA:2607,1
DA:2608,4
DA:2610,4
DA:2612,4
DA:2614,4
DA:2615,4
DA:2616,3
DA:2618,1
DA:2619,1
DA:2622,4
DA:2623,3
DA:2624,3
DA:2626,0
DA:2627,0
DA:2630,0
DA:2631,0
DA:2634,4
DA:2637,1
DA:2638,0
DA:2640,0
DA:2642,0
DA:2644,0
DA:2645,0
DA:2648,0
DA:2649,0
DA:2650,0
DA:2652,0
DA:2654,0
DA:2656,0
DA:2659,0
DA:2660,0
DA:2661,0
DA:2664,0
DA:2666,0
DA:2668,0
DA:2669,0
DA:2671,0
DA:2672,0
DA:2675,0
DA:2678,1
DA:2679,0
DA:2681,0
DA:2683,0
DA:2685,0
DA:2686,0
DA:2689,0
DA:2690,0
DA:2691,0
DA:2693,0
DA:2695,0
DA:2697,0
DA:2700,0
DA:2701,0
DA:2702,0
DA:2705,0
DA:2707,0
DA:2709,0
DA:2710,0
DA:2712,0
DA:2713,0
DA:2716,0
DA:2719,1
DA:2721,1
DA:2722,0
DA:2724,0
DA:2726,0
DA:2728,0
DA:2729,0
DA:2732,0
DA:2733,0
DA:2734,0
DA:2736,0
DA:2738,0
DA:2740,0
DA:2743,0
DA:2744,0
DA:2745,0
DA:2748,0
DA:2750,0
DA:2752,0
DA:2753,0
DA:2755,0
DA:2756,0
DA:2759,0
DA:2762,1
DA:2763,0
DA:2765,0
DA:2767,0
DA:2769,0
DA:2770,0
DA:2773,0
DA:2774,0
DA:2775,0
DA:2777,0
DA:2779,0
DA:2781,0
DA:2784,0
DA:2785,0
DA:2786,0
DA:2789,0
DA:2791,0
DA:2793,0
DA:2794,0
DA:2796,0
DA:2797,0
DA:2800,0
DA:2802,1
DA:2810,1
DA:2814,1
DA:2816,1
DA:2818,1
DA:2820,1
DA:2822,1
DA:2824,1
DA:2825,1
DA:2826,1
DA:2839,1
DA:2840,1
DA:2842,1
DA:2844,1
DA:2846,1
DA:2847,1
DA:2850,1
DA:2851,1
DA:2852,0
DA:2853,0
DA:2856,1
DA:2857,0
DA:2858,0
DA:2859,0
DA:2860,0
DA:2863,0
DA:2865,0
DA:2866,0
DA:2867,0
DA:2868,0
DA:2871,0
DA:2873,0
DA:2874,0
DA:2878,1
DA:2880,1
DA:2881,1
DA:2882,0
DA:2883,0
DA:2886,1
DA:2888,1
DA:2889,1
DA:2894,1
DA:2904,1
DA:2905,0
DA:2907,0
DA:2909,0
DA:2911,0
DA:2912,0
DA:2915,0
DA:2916,0
DA:2917,0
DA:2918,0
DA:2921,0
DA:2922,0
DA:2923,0
DA:2924,0
DA:2925,0
DA:2928,0
DA:2929,0
DA:2931,0
DA:2932,0
DA:2935,0
DA:2937,0
DA:2938,0
DA:2939,0
DA:2940,0
DA:2943,0
DA:2945,0
DA:2946,0
DA:2950,0
DA:2952,0
DA:2953,0
DA:2957,0
DA:2967,1
DA:2968,0
DA:2970,0
DA:2972,0
DA:2973,0
DA:2976,0
DA:2977,0
DA:2978,0
DA:2979,0
DA:2982,0
DA:2983,0
DA:2984,0
DA:2985,0
DA:2986,0
DA:2989,0
DA:2991,0
DA:2992,0
DA:2993,0
DA:2994,0
DA:2997,0
DA:2999,0
DA:3000,0
DA:3004,0
DA:3006,0
DA:3007,0
DA:3008,0
DA:3009,0
DA:3012,0
DA:3013,0
DA:3018,0
DA:3028,1
DA:3029,0
DA:3031,0
DA:3033,0
DA:3035,0
DA:3036,0
DA:3039,0
DA:3040,0
DA:3041,0
DA:3042,0
DA:3045,0
DA:3046,0
DA:3047,0
DA:3048,0
DA:3049,0
DA:3052,0
DA:3053,0
DA:3055,0
DA:3056,0
DA:3059,0
DA:3061,0
DA:3062,0
DA:3063,0
DA:3064,0
DA:3067,0
DA:3069,0
DA:3070,0
DA:3074,0
DA:3076,0
DA:3077,0
DA:3081,0
DA:3090,1
DA:3091,0
DA:3093,0
DA:3094,0
DA:3096,0
DA:3097,0
DA:3100,0
DA:3101,0
DA:3102,0
DA:3104,0
DA:3105,0
DA:3108,0
DA:3110,0
DA:3112,0
DA:3113,0
DA:3115,0
DA:3116,0
DA:3119,0
DA:3128,1
DA:3129,0
DA:3131,0
DA:3133,0
DA:3135,0
DA:3136,0
DA:3139,0
DA:3141,0
DA:3142,0
DA:3143,0
DA:3145,0
DA:3146,0
DA:3149,0
DA:3151,0
DA:3153,0
DA:3154,0
DA:3156,0
DA:3157,0
DA:3160,0
DA:3169,1
DA:3170,0
DA:3172,0
DA:3174,0
DA:3176,0
DA:3177,0
DA:3178,0
DA:3179,0
DA:3182,0
DA:3183,0
DA:3184,0
DA:3185,0
DA:3186,0
DA:3189,0
DA:3191,0
DA:3192,0
DA:3195,0
DA:3196,0
DA:3200,0
DA:3211,1
DA:3212,0
DA:3214,0
DA:3216,0
DA:3218,0
DA:3219,0
DA:3220,0
DA:3221,0
DA:3224,0
DA:3225,0
DA:3226,0
DA:3227,0
DA:3228,0
DA:3231,0
DA:3233,0
DA:3234,0
DA:3237,0
DA:3238,0
DA:3242,0
DA:3253,1
DA:3254,0
DA:3256,0
DA:3258,0
DA:3260,0
DA:3261,0
DA:3264,0
DA:3265,0
DA:3266,0
DA:3267,0
DA:3270,0
DA:3271,0
DA:3272,0
DA:3273,0
DA:3274,0
DA:3277,0
DA:3279,0
DA:3281,0
DA:3282,0
DA:3283,0
DA:3285,0
DA:3288,0
DA:3290,0
DA:3291,0
DA:3292,0
DA:3294,0
DA:3297,0
DA:3299,0
DA:3300,0
DA:3301,0
DA:3303,0
DA:3306,0
DA:3309,0
DA:3310,0
DA:3313,0
DA:3314,0
DA:3318,0
DA:3329,1
DA:3330,0
DA:3332,0
DA:3334,0
DA:3336,0
DA:3337,0
DA:3340,0
DA:3341,0
DA:3342,0
DA:3343,0
DA:3346,0
DA:3347,0
DA:3348,0
DA:3349,0
DA:3350,0
DA:3353,0
DA:3354,0
DA:3356,0
DA:3357,0
DA:3360,0
DA:3362,0
DA:3363,0
DA:3364,0
DA:3365,0
DA:3368,0
DA:3370,0
DA:3371,0
DA:3375,0
DA:3377,0
DA:3378,0
DA:3382,0
DA:3393,1
DA:3394,0
DA:3396,0
DA:3398,0
DA:3400,0
DA:3401,0
DA:3402,0
DA:3403,0
DA:3406,0
DA:3408,0
DA:3410,0
DA:3412,0
DA:3414,0
DA:3415,0
DA:3417,0
DA:3418,0
DA:3420,0
DA:3421,0
DA:3424,0
DA:3434,1
DA:3435,0
DA:3437,0
DA:3439,0
DA:3441,0
DA:3442,0
DA:3443,0
DA:3445,0
DA:3446,0
DA:3449,0
DA:3451,0
DA:3453,0
DA:3454,0
DA:3456,0
DA:3457,0
DA:3460,0
DA:3471,1
DA:3472,0
DA:3474,0
DA:3476,0
DA:3477,0
DA:3480,0
DA:3481,0
DA:3482,0
DA:3483,0
DA:3486,0
DA:3487,0
DA:3488,0
DA:3489,0
DA:3490,0
DA:3493,0
DA:3495,0
DA:3496,0
DA:3497,0
DA:3500,0
DA:3502,0
DA:3503,0
DA:3504,0
DA:3505,0
DA:3508,0
DA:3510,0
DA:3511,0
DA:3515,0
DA:3516,0
DA:3520,0
DA:3531,1
DA:3532,0
DA:3534,0
DA:3536,0
DA:3538,0
DA:3539,0
DA:3542,0
DA:3543,0
DA:3544,0
DA:3545,0
DA:3548,0
DA:3549,0
DA:3550,0
DA:3551,0
DA:3552,0
DA:3555,0
DA:3557,0
DA:3558,0
DA:3559,0
DA:3562,0
DA:3564,0
DA:3565,0
DA:3566,0
DA:3567,0
DA:3570,0
DA:3572,0
DA:3573,0
DA:3577,0
DA:3578,0
DA:3582,0
DA:3592,1
DA:3593,0
DA:3595,0
DA:3597,0
DA:3598,0
DA:3600,0
DA:3601,0
DA:3603,0
DA:3604,0
DA:3605,0
DA:3608,0
DA:3609,0
DA:3611,0
DA:3612,0
DA:3614,0
DA:3615,0
DA:3618,0
DA:3628,1
DA:3629,0
DA:3631,0
DA:3633,0
DA:3634,0
DA:3636,0
DA:3637,0
DA:3640,0
DA:3641,0
DA:3643,0
DA:3644,0
DA:3646,0
DA:3647,0
DA:3650,0
DA:3652,1
DA:3660,1
DA:3664,1
DA:3666,1
DA:3668,1
DA:3670,1
DA:3672,1
DA:3674,1
DA:3676,1
DA:3677,1
DA:3682,1
DA:3683,1
DA:3686,1
DA:3687,1
DA:3690,1
DA:3692,1
DA:3693,1
DA:3696,1
DA:3698,1
DA:3699,1
DA:3701,0
DA:3704,1
DA:3705,1
DA:3706,0
DA:3708,1
DA:3710,1
DA:3713,1
DA:3714,0
DA:3716,0
DA:3717,0
DA:3718,0
DA:3720,0
DA:3721,0
DA:3722,0
DA:3724,0
DA:3725,0
DA:3727,0
DA:3728,0
DA:3732,0
DA:3733,0
DA:3735,0
DA:3736,0
DA:3737,0
DA:3740,0
DA:3741,0
DA:3746,0
DA:3747,1
DA:3748,1
DA:3750,1
DA:3752,1
DA:3753,1
DA:3756,1
DA:3758,1
DA:3759,1
DA:3761,0
DA:3762,0
DA:3765,1
DA:3768,1
DA:3769,0
DA:3771,0
DA:3772,0
DA:3775,0
DA:3776,0
DA:3778,0
DA:3779,0
DA:3782,0
DA:3784,0
DA:3785,0
DA:3788,0
DA:3789,0
DA:3790,0
DA:3792,0
DA:3795,0
DA:3796,0
DA:3797,0
DA:3799,0
DA:3800,0
DA:3801,0
DA:3803,0
DA:3804,0
DA:3805,0
DA:3806,0
DA:3810,0
DA:3811,0
DA:3813,0
DA:3814,0
DA:3815,0
DA:3818,0
DA:3819,0
DA:3824,0
DA:3827,0
DA:3829,0
DA:3830,0
DA:3832,0
DA:3833,0
DA:3836,0
DA:3839,1
DA:3840,0
DA:3842,0
DA:3844,0
DA:3846,0
DA:3847,0
DA:3848,0
DA:3850,0
DA:3853,0
DA:3854,0
DA:3856,0
DA:3857,0
DA:3860,0
DA:3863,1
DA:3864,0
DA:3866,0
DA:3868,0
DA:3870,0
DA:3871,0
DA:3872,0
DA:3874,0
DA:3877,0
DA:3879,0
DA:3880,0
DA:3882,0
DA:3883,0
DA:3886,0
DA:3889,1
DA:3890,0
DA:3892,0
DA:3894,0
DA:3896,0
DA:3897,0
DA:3898,0
DA:3900,0
DA:3903,0
DA:3905,0
DA:3906,0
DA:3908,0
DA:3909,0
DA:3912,0
DA:3915,1
DA:3916,0
DA:3918,0
DA:3920,0
DA:3922,0
DA:3923,0
DA:3926,0
DA:3927,0
DA:3928,0
DA:3930,0
DA:3933,0
DA:3934,0
DA:3936,0
DA:3939,0
DA:3941,0
DA:3942,0
DA:3945,0
DA:3947,0
DA:3948,0
DA:3951,0
DA:3952,0
DA:3953,0
DA:3955,0
DA:3956,0
DA:3959,0
DA:3962,1
DA:3963,0
DA:3965,0
DA:3967,0
DA:3969,0
DA:3970,0
DA:3971,0
DA:3973,0
DA:3974,0
DA:3977,0
DA:3979,0
DA:3981,0
DA:3982,0
DA:3984,0
DA:3985,0
DA:3988,0
DA:3991,1
DA:3992,0
DA:3994,0
DA:3996,0
DA:3998,0
DA:3999,0
DA:4002,0
DA:4004,0
DA:4005,0
DA:4006,0
DA:4008,0
DA:4009,0
DA:4012,0
DA:4014,0
DA:4016,0
DA:4017,0
DA:4019,0
DA:4020,0
DA:4023,0
DA:4026,1
DA:4027,0
DA:4029,0
DA:4030,0
DA:4033,0
DA:4034,0
DA:4035,0
DA:4037,0
DA:4038,0
DA:4041,0
DA:4042,0
DA:4044,0
DA:4045,0
DA:4046,0
DA:4047,0
DA:4049,0
DA:4052,0
DA:4053,0
DA:4056,0
DA:4058,0
DA:4059,0
DA:4062,0
DA:4063,0
DA:4064,0
DA:4068,0
DA:4071,1
DA:4072,0
DA:4074,0
DA:4075,0
DA:4078,0
DA:4079,0
DA:4081,0
DA:4082,0
DA:4084,0
DA:4085,0
DA:4086,0
DA:4089,0
DA:4090,0
DA:4093,0
DA:4095,0
DA:4096,0
DA:4098,0
DA:4100,0
DA:4101,0
DA:4103,0
DA:4106,0
DA:4107,0
DA:4108,0
DA:4110,0
DA:4113,0
DA:4114,0
DA:4116,0
DA:4117,0
DA:4120,0
DA:4123,1
DA:4124,0
DA:4126,0
DA:4127,0
DA:4130,0
DA:4131,0
DA:4132,0
DA:4134,0
DA:4135,0
DA:4138,0
DA:4139,0
DA:4141,0
DA:4142,0
DA:4143,0
DA:4144,0
DA:4146,0
DA:4149,0
DA:4150,0
DA:4153,0
DA:4155,0
DA:4156,0
DA:4159,0
DA:4161,0
DA:4162,0
DA:4166,0
DA:4169,1
DA:4170,0
DA:4172,0
DA:4173,0
DA:4175,0
DA:4176,0
DA:4179,0
DA:4180,0
DA:4183,0
DA:4185,0
DA:4186,0
DA:4188,0
DA:4190,0
DA:4191,0
DA:4193,0
DA:4194,0
DA:4197,0
DA:4198,0
DA:4199,0
DA:4201,0
DA:4204,0
DA:4205,0
DA:4207,0
DA:4208,0
DA:4211,0
DA:4214,1
DA:4215,0
DA:4217,0
DA:4218,0
DA:4221,0
DA:4222,0
DA:4223,0
DA:4225,0
DA:4226,0
DA:4229,0
DA:4230,0
DA:4232,0
DA:4233,0
DA:4234,0
DA:4235,0
DA:4237,0
DA:4240,0
DA:4241,0
DA:4244,0
DA:4246,0
DA:4247,0
DA:4250,0
DA:4252,0
DA:4253,0
DA:4257,0
DA:4260,1
DA:4261,0
DA:4263,0
DA:4264,0
DA:4266,0
DA:4267,0
DA:4270,0
DA:4271,0
DA:4274,0
DA:4276,0
DA:4277,0
DA:4279,0
DA:4281,0
DA:4282,0
DA:4284,0
DA:4287,0
DA:4288,0
DA:4289,0
DA:4291,0
DA:4294,0
DA:4295,0
DA:4297,0
DA:4298,0
DA:4301,0
DA:4303,1
DA:4311,1
DA:4315,1
DA:4317,1
DA:4319,1
DA:4321,1
DA:4323,1
DA:4325,1
DA:4326,1
DA:4331,1
DA:4332,1
DA:4334,1
DA:4336,1
DA:4338,1
DA:4339,1
DA:4342,1
DA:4343,1
DA:4344,0
DA:4346,1
DA:4347,1
DA:4349,1
DA:4359,1
DA:4361,1
DA:4362,1
DA:4364,1
DA:4365,1
DA:4366,0
DA:4367,0
DA:4369,0
DA:4370,0
DA:4372,0
DA:4373,0
DA:4377,0
DA:4379,0
DA:4382,0
DA:4385,0
DA:4386,0
DA:4388,0
DA:4391,0
DA:4394,1
DA:4396,1
DA:4398,0
DA:4399,0
DA:4401,0
DA:4402,0
DA:4405,1
DA:4408,1
DA:4409,0
DA:4411,0
DA:4413,0
DA:4415,0
DA:4416,0
DA:4417,0
DA:4419,0
DA:4421,0
DA:4422,0
DA:4425,0
DA:4427,0
DA:4428,0
DA:4430,0
DA:4431,0
DA:4434,0
DA:4437,1
DA:4438,0
DA:4440,0
DA:4442,0
DA:4444,0
DA:4445,0
DA:4448,0
DA:4449,0
DA:4450,0
DA:4452,0
DA:4454,0
DA:4455,0
DA:4458,0
DA:4459,0
DA:4461,0
DA:4464,0
DA:4465,0
DA:4467,0
DA:4470,0
DA:4471,0
DA:4473,0
DA:4474,0
DA:4477,0
DA:4480,1
DA:4481,0
DA:4483,0
DA:4484,0
DA:4487,0
DA:4488,0
DA:4490,0
DA:4491,0
DA:4494,0
DA:4495,0
DA:4498,0
DA:4500,0
DA:4501,0
DA:4502,0
DA:4504,0
DA:4506,0
DA:4507,0
DA:4510,0
DA:4512,0
DA:4513,0
DA:4514,0
DA:4516,0
DA:4517,0
DA:4518,0
DA:4520,0
DA:4522,0
DA:4523,0
DA:4524,0
DA:4525,0
DA:4527,0
DA:4528,0
DA:4530,0
DA:4534,0
DA:4535,0
DA:4537,0
DA:4538,0
DA:4539,0
DA:4542,0
DA:4543,0
DA:4548,0
DA:4550,0
DA:4552,0
DA:4554,0
DA:4555,0
DA:4557,0
DA:4558,0
DA:4561,0
DA:4564,1
DA:4565,0
DA:4567,0
DA:4569,0
DA:4571,0
DA:4572,0
DA:4573,0
DA:4575,0
DA:4577,0
DA:4578,0
DA:4581,0
DA:4583,0
DA:4584,0
DA:4586,0
DA:4587,0
DA:4589,0
DA:4591,0
DA:4592,0
DA:4596,0
DA:4599,1
DA:4600,0
DA:4602,0
DA:4604,0
DA:4606,0
DA:4607,0
DA:4608,0
DA:4610,0
DA:4612,0
DA:4613,0
DA:4616,0
DA:4617,0
DA:4619,0
DA:4622,0
DA:4623,0
DA:4624,0
DA:4627,0
DA:4630,0
DA:4631,0
DA:4633,0
DA:4634,0
DA:4637,0
DA:4638,0
DA:4640,0
DA:4642,0
DA:4643,0
DA:4645,0
DA:4646,0
DA:4649,0
DA:4650,0
DA:4651,0
DA:4652,0
DA:4655,0
DA:4656,0
DA:4662,0
DA:4663,0
DA:4667,0
DA:4670,0
DA:4673,1
DA:4674,0
DA:4676,0
DA:4678,0
DA:4680,0
DA:4681,0
DA:4682,0
DA:4684,0
DA:4686,0
DA:4687,0
DA:4690,0
DA:4691,0
DA:4693,0
DA:4696,0
DA:4697,0
DA:4698,0
DA:4701,0
DA:4704,0
DA:4705,0
DA:4707,0
DA:4708,0
DA:4711,0
DA:4712,0
DA:4714,0
DA:4716,0
DA:4717,0
DA:4719,0
DA:4720,0
DA:4723,0
DA:4724,0
DA:4725,0
DA:4726,0
DA:4729,0
DA:4730,0
DA:4736,0
DA:4737,0
DA:4741,0
DA:4744,0
DA:4747,1
DA:4748,0
DA:4750,0
DA:4752,0
DA:4754,0
DA:4755,0
DA:4758,0
DA:4760,0
DA:4761,0
DA:4762,0
DA:4764,0
DA:4767,0
DA:4769,0
DA:4770,0
DA:4772,0
DA:4774,0
DA:4775,0
DA:4777,0
DA:4778,0
DA:4779,0
DA:4781,0
DA:4784,0
DA:4786,0
DA:4787,0
DA:4789,0
DA:4790,0
DA:4793,0
DA:4796,1
DA:4797,0
DA:4799,0
DA:4801,0
DA:4803,0
DA:4804,0
DA:4807,0
DA:4809,0
DA:4810,0
DA:4811,0
DA:4813,0
DA:4815,0
DA:4816,0
DA:4819,0
DA:4821,0
DA:4822,0
DA:4824,0
DA:4826,0
DA:4827,0
DA:4829,0
DA:4830,0
DA:4831,0
DA:4833,0
DA:4836,0
DA:4838,0
DA:4839,0
DA:4841,0
DA:4842,0
DA:4845,0
DA:4848,1
DA:4849,0
DA:4851,0
DA:4853,0
DA:4855,0
DA:4856,0
DA:4857,0
DA:4859,0
DA:4861,0
DA:4862,0
DA:4865,0
DA:4866,0
DA:4868,0
DA:4870,0
DA:4871,0
DA:4873,0
DA:4874,0
DA:4877,0
DA:4880,1
DA:4881,0
DA:4883,0
DA:4885,0
DA:4887,0
DA:4888,0
DA:4889,0
DA:4891,0
DA:4893,0
DA:4894,0
DA:4897,0
DA:4898,0
DA:4900,0
DA:4902,0
DA:4903,0
DA:4905,0
DA:4906,0
DA:4909,0
DA:4911,1
DA:4919,1
DA:4923,12
DA:4925,1
DA:4927,1
DA:4929,1
DA:4931,1
DA:4933,1
DA:4935,1
DA:4937,1
DA:4938,1
DA:4944,1
DA:4945,1
DA:4946,1
DA:4949,1
DA:4951,1
DA:4952,1
DA:4953,1
DA:4954,1
DA:4956,1
DA:4958,1
DA:4959,107
DA:4961,107
DA:4962,104
DA:4963,104
DA:4964,2
DA:4969,2
DA:4976,1
DA:4979,1
DA:4981,1
DA:4982,1
DA:4983,1
DA:4985,1
DA:4986,3
DA:4988,3
DA:4989,2
DA:4990,2
DA:4991,2
DA:4993,0
DA:4994,0
DA:4997,1
DA:4998,1
DA:5002,1
DA:5006,1
DA:5009,1
DA:5010,1
DA:5013,1
DA:5014,1
DA:5015,0
DA:5018,0
DA:5020,0
DA:5022,0
DA:5024,0
DA:5025,0
DA:5026,0
DA:5027,0
DA:5028,0
DA:5029,0
DA:5030,0
DA:5031,0
DA:5033,0
DA:5037,0
DA:5038,0
DA:5039,0
DA:5040,0
DA:5042,0
DA:5045,0
DA:5047,0
DA:5049,0
DA:5050,0
DA:5052,0
DA:5053,0
DA:5056,0
DA:5059,0
DA:5061,0
DA:5063,0
DA:5064,0
DA:5067,0
DA:5068,0
DA:5070,0
DA:5071,0
DA:5077,0
DA:5079,0
DA:5080,0
DA:5081,0
DA:5084,0
DA:5086,0
DA:5091,1
DA:5094,0
DA:5096,0
DA:5098,0
DA:5099,0
DA:5102,0
DA:5104,0
DA:5105,0
DA:5106,0
DA:5107,0
DA:5110,0
DA:5111,0
DA:5113,0
DA:5114,0
DA:5116,0
DA:5117,0
DA:5121,0
DA:5123,0
DA:5125,0
DA:5127,0
DA:5128,0
DA:5131,0
DA:5133,0
DA:5134,0
DA:5136,0
DA:5139,0
DA:5141,0
DA:5142,0
DA:5144,0
DA:5145,0
DA:5146,0
DA:5149,0
DA:5154,0
DA:5156,0
DA:5158,0
DA:5159,0
DA:5160,0
DA:5162,0
DA:5166,0
DA:5167,0
DA:5169,0
DA:5170,0
DA:5173,0
DA:5174,0
DA:5176,0
DA:5179,0
DA:5184,0
DA:5186,0
DA:5188,0
DA:5189,0
DA:5190,0
DA:5192,0
DA:5196,0
DA:5197,0
DA:5199,0
DA:5200,0
DA:5203,0
DA:5204,0
DA:5206,0
DA:5209,0
DA:5214,0
DA:5216,0
DA:5218,0
DA:5219,0
DA:5220,0
DA:5221,0
DA:5223,0
DA:5224,0
DA:5225,0
DA:5227,0
DA:5228,0
DA:5229,0
DA:5231,0
DA:5233,0
DA:5234,0
DA:5236,0
DA:5237,0
DA:5239,0
DA:5240,0
DA:5241,0
DA:5242,0
DA:5244,0
DA:5247,0
DA:5249,0
DA:5250,0
DA:5254,0
DA:5256,0
DA:5257,0
DA:5262,0
DA:5263,0
DA:5265,0
DA:5268,0
DA:5273,0
DA:5275,0
DA:5277,0
DA:5278,0
DA:5279,0
DA:5280,0
DA:5282,0
DA:5283,0
DA:5284,0
DA:5286,0
DA:5287,0
DA:5288,0
DA:5290,0
DA:5292,0
DA:5293,0
DA:5295,0
DA:5296,0
DA:5298,0
DA:5299,0
DA:5300,0
DA:5301,0
DA:5303,0
DA:5306,0
DA:5308,0
DA:5309,0
DA:5313,0
DA:5315,0
DA:5316,0
DA:5321,0
DA:5322,0
DA:5324,0
DA:5327,0
DA:5332,0
DA:5334,0
DA:5336,0
DA:5337,0
DA:5339,0
DA:5340,0
DA:5343,0
DA:5344,0
DA:5346,0
DA:5349,0
DA:5354,0
DA:5356,0
DA:5358,0
DA:5359,0
DA:5361,0
DA:5362,0
DA:5363,0
DA:5367,0
DA:5369,0
DA:5370,0
DA:5372,0
DA:5373,0
DA:5375,0
DA:5376,0
DA:5377,0
DA:5381,0
DA:5383,0
DA:5384,0
DA:5388,0
DA:5393,0
DA:5395,0
DA:5397,0
DA:5398,0
DA:5399,0
DA:5400,0
DA:5402,0
DA:5403,0
DA:5406,0
DA:5407,0
DA:5408,0
DA:5409,0
DA:5411,0
DA:5412,0
DA:5417,0
DA:5421,1
DA:5424,1
DA:5425,0
DA:5426,0
DA:5429,1
DA:5430,1
DA:5431,0
DA:5433,0
DA:5435,0
DA:5436,0
DA:5437,0
DA:5438,0
DA:5440,0
DA:5443,1
DA:5446,0
DA:5448,0
DA:5450,0
DA:5452,0
DA:5453,0
DA:5454,0
DA:5456,0
DA:5457,0
DA:5459,0
DA:5460,0
DA:5462,0
DA:5463,0
DA:5465,0
DA:5466,0
DA:5467,0
DA:5470,0
DA:5473,0
DA:5476,0
DA:5481,0
DA:5483,0
DA:5484,0
DA:5486,0
DA:5491,0
DA:5493,0
DA:5494,0
DA:5496,0
DA:5500,1
DA:5503,1
DA:5504,0
DA:5506,0
DA:5508,0
DA:5510,0
DA:5512,1
DA:5520,1
DA:5524,6
DA:5526,1
DA:5528,1
DA:5529,1
DA:5530,0
DA:5533,1
DA:5536,0
DA:5537,0
DA:5539,0
DA:5545,0
DA:5546,0
DA:5548,0
DA:5554,0
DA:5555,0
DA:5557,0
DA:5562,1
DA:5565,1
DA:5567,1
DA:5568,1
DA:5569,1
DA:5572,1
DA:5575,1
DA:5576,0
DA:5578,0
DA:5584,0
DA:5585,0
DA:5587,0
DA:5593,0
DA:5594,0
DA:5596,0
DA:5601,1
DA:5604,1
LF:2729
LH:1013
BRDA:10,1,0,1
BRDA:10,1,1,0
BRDA:10,2,0,1
BRDA:10,2,1,1
BRDA:12,3,0,0
BRDA:12,3,1,0
BRDA:12,4,0,0
BRDA:12,4,1,0
BRDA:14,5,0,0
BRDA:14,5,1,0
BRDA:27,6,0,14
BRDA:27,6,1,11
BRDA:79,7,0,0
BRDA:79,7,1,0
BRDA:79,8,0,0
BRDA:79,8,1,0
BRDA:79,9,0,0
BRDA:79,9,1,0
BRDA:79,10,0,0
BRDA:79,10,1,0
BRDA:79,11,0,0
BRDA:79,11,1,0
BRDA:79,12,0,4
BRDA:79,12,1,0
BRDA:79,13,0,0
BRDA:79,13,1,0
BRDA:81,14,0,0
BRDA:81,14,1,7
BRDA:81,15,0,7
BRDA:81,15,1,7
BRDA:150,16,0,0
BRDA:150,16,1,0
BRDA:171,17,0,31
BRDA:171,17,1,11
BRDA:171,18,0,42
BRDA:171,18,1,11
BRDA:178,19,0,41
BRDA:178,19,1,1
BRDA:191,20,0,0
BRDA:191,20,1,42
BRDA:197,21,0,0
BRDA:197,21,1,0
BRDA:211,22,0,0
BRDA:211,22,1,0
BRDA:242,23,0,28
BRDA:242,23,1,13
BRDA:242,24,0,41
BRDA:242,24,1,13
BRDA:250,25,0,23
BRDA:250,25,1,18
BRDA:250,26,0,41
BRDA:250,26,1,41
BRDA:259,27,0,0
BRDA:259,27,1,41
BRDA:279,28,0,3
BRDA:279,28,1,0
BRDA:279,29,0,3
BRDA:279,29,1,0
BRDA:286,30,0,3
BRDA:286,30,1,0
BRDA:304,31,0,0
BRDA:304,31,1,3
BRDA:341,32,0,3
BRDA:341,32,1,0
BRDA:341,33,0,3
BRDA:341,33,1,0
BRDA:348,34,0,2
BRDA:348,34,1,0
BRDA:361,35,0,1
BRDA:361,35,1,2
BRDA:377,36,0,1
BRDA:377,36,1,3
BRDA:377,37,0,4
BRDA:377,37,1,3
BRDA:392,38,0,7
BRDA:392,38,1,0
BRDA:410,39,0,1
BRDA:410,39,1,0
BRDA:410,40,0,1
BRDA:410,40,1,0
BRDA:436,41,0,6
BRDA:436,41,1,0
BRDA:436,42,0,6
BRDA:436,42,1,0
BRDA:441,43,0,6
BRDA:441,43,1,0
BRDA:460,44,0,2
BRDA:460,44,1,0
BRDA:460,45,0,2
BRDA:460,45,1,0
BRDA:469,46,0,2
BRDA:469,46,1,0
BRDA:477,47,0,6
BRDA:477,47,1,2
BRDA:479,48,0,6
BRDA:479,48,1,0
BRDA:504,49,0,1
BRDA:504,49,1,1
BRDA:504,50,0,2
BRDA:504,50,1,1
BRDA:543,51,0,3
BRDA:543,51,1,0
BRDA:543,52,0,3
BRDA:543,52,1,0
BRDA:551,53,0,0
BRDA:551,53,1,3
BRDA:557,54,0,6
BRDA:557,54,1,3
BRDA:585,55,0,1
BRDA:585,55,1,0
BRDA:585,56,0,1
BRDA:585,56,1,0
BRDA:600,57,0,1
BRDA:600,57,1,0
BRDA:618,58,0,2
BRDA:618,58,1,1
BRDA:647,59,0,3
BRDA:647,59,1,3
BRDA:647,60,0,6
BRDA:647,60,1,3
BRDA:654,61,0,3
BRDA:654,61,1,3
BRDA:661,62,0,59
BRDA:661,62,1,2
BRDA:679,63,0,1
BRDA:679,63,1,1
BRDA:679,64,0,2
BRDA:679,64,1,1
BRDA:710,65,0,1
BRDA:710,65,1,0
BRDA:710,66,0,1
BRDA:710,66,1,0
BRDA:721,67,0,0
BRDA:721,67,1,1
BRDA:766,68,0,7
BRDA:766,68,1,0
BRDA:783,69,0,0
BRDA:783,69,1,7
BRDA:783,70,0,7
BRDA:783,70,1,0
BRDA:787,71,0,0
BRDA:787,71,1,7
BRDA:809,72,0,0
BRDA:809,72,1,1
BRDA:809,73,0,1
BRDA:809,73,1,0
BRDA:830,74,0,0
BRDA:830,74,1,0
BRDA:839,75,0,0
BRDA:839,75,1,0
BRDA:839,76,0,0
BRDA:839,76,1,0
BRDA:843,77,0,0
BRDA:843,77,1,0
BRDA:865,78,0,0
BRDA:865,78,1,0
BRDA:874,79,0,0
BRDA:874,79,1,0
BRDA:874,80,0,0
BRDA:874,80,1,0
BRDA:878,81,0,0
BRDA:878,81,1,0
BRDA:903,82,0,0
BRDA:903,82,1,0
BRDA:903,83,0,0
BRDA:903,83,1,0
BRDA:903,83,2,0
BRDA:905,84,0,0
BRDA:905,84,1,0
BRDA:912,85,0,0
BRDA:912,85,1,0
BRDA:931,86,0,11
BRDA:931,86,1,11
BRDA:931,87,0,11
BRDA:931,87,1,0
BRDA:931,88,0,2
BRDA:931,88,1,0
BRDA:931,89,0,0
BRDA:931,89,1,2
BRDA:935,90,0,0
BRDA:935,90,1,1
BRDA:935,91,0,1
BRDA:935,91,1,1
BRDA:937,92,0,0
BRDA:937,92,1,0
BRDA:951,93,0,0
BRDA:951,93,1,0
BRDA:952,94,0,0
BRDA:952,94,1,0
BRDA:958,95,0,0
BRDA:958,95,1,0
BRDA:958,96,0,0
BRDA:958,96,1,0
BRDA:966,97,0,1
BRDA:966,97,1,178
BRDA:969,98,0,0
BRDA:969,98,1,179
BRDA:970,99,0,0
BRDA:970,99,1,0
BRDA:970,100,0,0
BRDA:970,100,1,0
BRDA:970,100,2,0
BRDA:972,101,0,0
BRDA:972,101,1,0
BRDA:973,102,0,0
BRDA:973,102,1,0
BRDA:974,103,0,0
BRDA:974,103,1,0
BRDA:985,104,0,118
BRDA:985,104,1,61
BRDA:987,105,0,5
BRDA:987,105,1,56
BRDA:988,106,0,0
BRDA:988,106,1,3
BRDA:988,106,2,2
BRDA:988,106,3,0
BRDA:1006,107,0,56
BRDA:1006,107,1,0
BRDA:1023,108,0,0
BRDA:1023,108,1,6
BRDA:1025,109,0,0
BRDA:1025,109,1,6
BRDA:1029,110,0,0
BRDA:1029,110,1,6
BRDA:1029,111,0,0
BRDA:1029,111,1,0
BRDA:1031,112,0,3
BRDA:1031,112,1,3
BRDA:1033,113,0,1
BRDA:1033,113,1,2
BRDA:1040,114,0,3
BRDA:1040,114,1,3
BRDA:1040,115,0,6
BRDA:1040,115,1,3
BRDA:1042,116,0,0
BRDA:1042,116,1,3
BRDA:1042,117,0,3
BRDA:1042,117,1,0
BRDA:1042,117,2,0
BRDA:1054,118,0,0
BRDA:1054,118,1,0
BRDA:1071,119,0,0
BRDA:1071,119,1,6
BRDA:1073,120,0,1
BRDA:1073,120,1,5
BRDA:1073,121,0,6
BRDA:1073,121,1,6
BRDA:1079,122,0,1
BRDA:1079,122,1,4
BRDA:1079,123,0,5
BRDA:1079,123,1,4
BRDA:1079,123,2,0
BRDA:1081,124,0,0
BRDA:1081,124,1,1
BRDA:1082,125,0,4
BRDA:1082,125,1,0
BRDA:1084,126,0,3
BRDA:1084,126,1,2
BRDA:1084,127,0,5
BRDA:1084,127,1,2
BRDA:1084,127,2,0
BRDA:1090,128,0,1
BRDA:1090,128,1,3
BRDA:1092,129,0,0
BRDA:1092,129,1,3
BRDA:1099,130,0,0
BRDA:1099,130,1,3
BRDA:1109,131,0,0
BRDA:1109,131,1,0
BRDA:1112,132,0,0
BRDA:1112,132,1,0
BRDA:1113,133,0,0
BRDA:1113,133,1,0
BRDA:1113,134,0,0
BRDA:1113,134,1,0
BRDA:1118,135,0,0
BRDA:1118,135,1,0
BRDA:1123,136,0,0
BRDA:1123,136,1,0
BRDA:1133,137,0,0
BRDA:1133,137,1,0
BRDA:1147,138,0,0
BRDA:1147,138,1,0
BRDA:1147,139,0,0
BRDA:1147,139,1,0
BRDA:1147,140,0,0
BRDA:1147,140,1,0
BRDA:1160,141,0,0
BRDA:1160,141,1,0
BRDA:1160,142,0,0
BRDA:1160,142,1,0
BRDA:1160,143,0,0
BRDA:1160,143,1,0
BRDA:1169,144,0,0
BRDA:1169,144,1,0
BRDA:1169,145,0,0
BRDA:1169,145,1,0
BRDA:1187,146,0,0
BRDA:1187,146,1,0
BRDA:1187,147,0,0
BRDA:1187,147,1,0
BRDA:1199,148,0,0
BRDA:1199,148,1,0
BRDA:1199,149,0,0
BRDA:1199,149,1,0
BRDA:1204,150,0,0
BRDA:1204,150,1,0
BRDA:1205,151,0,0
BRDA:1205,151,1,0
BRDA:1243,152,0,0
BRDA:1243,152,1,0
BRDA:1243,153,0,0
BRDA:1243,153,1,0
BRDA:1247,154,0,0
BRDA:1247,154,1,0
BRDA:1274,155,0,1
BRDA:1274,155,1,0
BRDA:1274,156,0,1
BRDA:1274,156,1,0
BRDA:1280,157,0,269
BRDA:1280,157,1,212
BRDA:1282,158,0,269
BRDA:1282,158,1,0
BRDA:1321,159,0,0
BRDA:1321,159,1,0
BRDA:1321,160,0,0
BRDA:1321,160,1,0
BRDA:1321,161,0,0
BRDA:1321,161,1,0
BRDA:1321,162,0,0
BRDA:1321,162,1,0
BRDA:1321,163,0,0
BRDA:1321,163,1,0
BRDA:1321,164,0,14
BRDA:1321,164,1,0
BRDA:1321,165,0,0
BRDA:1321,165,1,0
BRDA:1323,166,0,0
BRDA:1323,166,1,1
BRDA:1323,167,0,1
BRDA:1323,167,1,1
BRDA:1358,168,0,61
BRDA:1358,168,1,1
BRDA:1369,169,0,62
BRDA:1369,169,1,47
BRDA:1374,170,0,0
BRDA:1374,170,1,62
BRDA:1380,171,0,0
BRDA:1380,171,1,0
BRDA:1393,172,0,0
BRDA:1393,172,1,0
BRDA:1422,173,0,4
BRDA:1422,173,1,0
BRDA:1422,174,0,4
BRDA:1422,174,1,0
BRDA:1428,175,0,0
BRDA:1428,175,1,4
BRDA:1433,176,0,2
BRDA:1433,176,1,2
BRDA:1467,177,0,1
BRDA:1467,177,1,0
BRDA:1467,178,0,1
BRDA:1467,178,1,0
BRDA:1511,179,0,1
BRDA:1511,179,1,0
BRDA:1511,180,0,1
BRDA:1511,180,1,0
BRDA:1550,181,0,2
BRDA:1550,181,1,0
BRDA:1550,182,0,2
BRDA:1550,182,1,0
BRDA:1577,183,0,2
BRDA:1577,183,1,2
BRDA:1586,184,0,0
BRDA:1586,184,1,0
BRDA:1595,185,0,0
BRDA:1595,185,1,2
BRDA:1618,186,0,2
BRDA:1618,186,1,0
BRDA:1618,187,0,2
BRDA:1618,187,1,0
BRDA:1639,188,0,1
BRDA:1639,188,1,1
BRDA:1651,189,0,1
BRDA:1651,189,1,1
BRDA:1675,190,0,2
BRDA:1675,190,1,0
BRDA:1675,191,0,2
BRDA:1675,191,1,0
BRDA:1680,192,0,1
BRDA:1680,192,1,1
BRDA:1713,193,0,43
BRDA:1713,193,1,5
BRDA:1713,194,0,48
BRDA:1713,194,1,5
BRDA:1728,195,0,0
BRDA:1728,195,1,48
BRDA:1733,196,0,0
BRDA:1733,196,1,0
BRDA:1740,197,0,0
BRDA:1740,197,1,0
BRDA:1758,198,0,0
BRDA:1758,198,1,0
BRDA:1768,199,0,46
BRDA:1768,199,1,2
BRDA:1797,200,0,0
BRDA:1797,200,1,0
BRDA:1797,201,0,0
BRDA:1797,201,1,0
BRDA:1829,202,0,2
BRDA:1829,202,1,0
BRDA:1829,203,0,2
BRDA:1829,203,1,0
BRDA:1848,204,0,0
BRDA:1848,204,1,3
BRDA:1856,205,0,1
BRDA:1856,205,1,2
BRDA:1861,206,0,0
BRDA:1861,206,1,1
BRDA:1871,207,0,1
BRDA:1871,207,1,1
BRDA:1881,208,0,1
BRDA:1881,208,1,1
BRDA:1905,209,0,1
BRDA:1905,209,1,0
BRDA:1905,210,0,1
BRDA:1905,210,1,0
BRDA:1937,211,0,3
BRDA:1937,211,1,0
BRDA:1937,212,0,3
BRDA:1937,212,1,0
BRDA:1942,213,0,3
BRDA:1942,213,1,0
BRDA:1970,214,0,2
BRDA:1970,214,1,0
BRDA:1970,215,0,2
BRDA:1970,215,1,0
BRDA:1979,216,0,1
BRDA:1979,216,1,1
BRDA:1989,217,0,0
BRDA:1989,217,1,2
BRDA:2023,218,0,2
BRDA:2023,218,1,0
BRDA:2023,219,0,2
BRDA:2023,219,1,0
BRDA:2032,220,0,1
BRDA:2032,220,1,1
BRDA:2042,221,0,0
BRDA:2042,221,1,2
BRDA:2066,222,0,2
BRDA:2066,222,1,0
BRDA:2066,223,0,2
BRDA:2066,223,1,0
BRDA:2075,224,0,1
BRDA:2075,224,1,1
BRDA:2085,225,0,0
BRDA:2085,225,1,2
BRDA:2112,226,0,2
BRDA:2112,226,1,0
BRDA:2112,227,0,2
BRDA:2112,227,1,0
BRDA:2120,228,0,1
BRDA:2120,228,1,1
BRDA:2130,229,0,0
BRDA:2130,229,1,2
BRDA:2160,230,0,0
BRDA:2160,230,1,0
BRDA:2160,231,0,0
BRDA:2160,231,1,0
BRDA:2160,232,0,0
BRDA:2160,232,1,0
BRDA:2160,233,0,0
BRDA:2160,233,1,0
BRDA:2160,234,0,0
BRDA:2160,234,1,0
BRDA:2160,235,0,3
BRDA:2160,235,1,0
BRDA:2160,236,0,0
BRDA:2160,236,1,0
BRDA:2162,237,0,0
BRDA:2162,237,1,1
BRDA:2162,238,0,1
BRDA:2162,238,1,1
BRDA:2186,239,0,7
BRDA:2186,239,1,0
BRDA:2186,240,0,7
BRDA:2186,240,1,0
BRDA:2192,241,0,0
BRDA:2192,241,1,7
BRDA:2197,242,0,2
BRDA:2197,242,1,5
BRDA:2200,243,0,0
BRDA:2200,243,1,2
BRDA:2209,244,0,0
BRDA:2209,244,1,2
BRDA:2225,245,0,0
BRDA:2225,245,1,5
BRDA:2255,246,0,2
BRDA:2255,246,1,0
BRDA:2255,247,0,2
BRDA:2255,247,1,0
BRDA:2260,248,0,0
BRDA:2260,248,1,2
BRDA:2265,249,0,1
BRDA:2265,249,1,1
BRDA:2297,250,0,1
BRDA:2297,250,1,0
BRDA:2297,251,0,1
BRDA:2297,251,1,0
BRDA:2321,252,0,1
BRDA:2321,252,1,1
BRDA:2330,253,0,0
BRDA:2330,253,1,0
BRDA:2339,254,0,0
BRDA:2339,254,1,1
BRDA:2363,255,0,1
BRDA:2363,255,1,0
BRDA:2363,256,0,1
BRDA:2363,256,1,0
BRDA:2368,257,0,0
BRDA:2368,257,1,1
BRDA:2373,258,0,1
BRDA:2373,258,1,0
BRDA:2401,259,0,0
BRDA:2401,259,1,0
BRDA:2401,260,0,0
BRDA:2401,260,1,0
BRDA:2414,261,0,0
BRDA:2414,261,1,0
BRDA:2439,262,0,1
BRDA:2439,262,1,0
BRDA:2439,263,0,1
BRDA:2439,263,1,0
BRDA:2444,264,0,0
BRDA:2444,264,1,1
BRDA:2449,265,0,1
BRDA:2449,265,1,0
BRDA:2478,266,0,0
BRDA:2478,266,1,0
BRDA:2478,267,0,0
BRDA:2478,267,1,0
BRDA:2493,268,0,0
BRDA:2493,268,1,0
BRDA:2498,269,0,0
BRDA:2498,269,1,0
BRDA:2533,270,0,0
BRDA:2533,270,1,0
BRDA:2533,271,0,0
BRDA:2533,271,1,0
BRDA:2538,272,0,0
BRDA:2538,272,1,0
BRDA:2543,273,0,0
BRDA:2543,273,1,0
BRDA:2571,274,0,0
BRDA:2571,274,1,0
BRDA:2571,275,0,0
BRDA:2571,275,1,0
BRDA:2576,276,0,0
BRDA:2576,276,1,0
BRDA:2581,277,0,0
BRDA:2581,277,1,0
BRDA:2610,278,0,1
BRDA:2610,278,1,3
BRDA:2610,279,0,4
BRDA:2610,279,1,3
BRDA:2615,280,0,3
BRDA:2615,280,1,1
BRDA:2622,281,0,3
BRDA:2622,281,1,0
BRDA:2640,282,0,0
BRDA:2640,282,1,0
BRDA:2640,283,0,0
BRDA:2640,283,1,0
BRDA:2649,284,0,0
BRDA:2649,284,1,0
BRDA:2659,285,0,0
BRDA:2659,285,1,0
BRDA:2681,286,0,0
BRDA:2681,286,1,0
BRDA:2681,287,0,0
BRDA:2681,287,1,0
BRDA:2690,288,0,0
BRDA:2690,288,1,0
BRDA:2700,289,0,0
BRDA:2700,289,1,0
BRDA:2724,290,0,0
BRDA:2724,290,1,0
BRDA:2724,291,0,0
BRDA:2724,291,1,0
BRDA:2733,292,0,0
BRDA:2733,292,1,0
BRDA:2743,293,0,0
BRDA:2743,293,1,0
BRDA:2765,294,0,0
BRDA:2765,294,1,0
BRDA:2765,295,0,0
BRDA:2765,295,1,0
BRDA:2774,296,0,0
BRDA:2774,296,1,0
BRDA:2784,297,0,0
BRDA:2784,297,1,0
BRDA:2814,298,0,0
BRDA:2814,298,1,0
BRDA:2814,299,0,0
BRDA:2814,299,1,0
BRDA:2814,300,0,0
BRDA:2814,300,1,0
BRDA:2814,301,0,0
BRDA:2814,301,1,0
BRDA:2814,302,0,0
BRDA:2814,302,1,0
BRDA:2814,303,0,0
BRDA:2814,303,1,0
BRDA:2814,304,0,0
BRDA:2814,304,1,0
BRDA:2816,305,0,0
BRDA:2816,305,1,1
BRDA:2816,306,0,1
BRDA:2816,306,1,1
BRDA:2842,307,0,1
BRDA:2842,307,1,0
BRDA:2842,308,0,1
BRDA:2842,308,1,0
BRDA:2851,309,0,0
BRDA:2851,309,1,1
BRDA:2856,310,0,0
BRDA:2856,310,1,1
BRDA:2858,311,0,0
BRDA:2858,311,1,0
BRDA:2866,312,0,0
BRDA:2866,312,1,0
BRDA:2881,313,0,0
BRDA:2881,313,1,1
BRDA:2907,314,0,0
BRDA:2907,314,1,0
BRDA:2907,315,0,0
BRDA:2907,315,1,0
BRDA:2916,316,0,0
BRDA:2916,316,1,0
BRDA:2921,317,0,0
BRDA:2921,317,1,0
BRDA:2923,318,0,0
BRDA:2923,318,1,0
BRDA:2928,319,0,0
BRDA:2928,319,1,0
BRDA:2938,320,0,0
BRDA:2938,320,1,0
BRDA:2977,321,0,0
BRDA:2977,321,1,0
BRDA:2982,322,0,0
BRDA:2982,322,1,0
BRDA:2984,323,0,0
BRDA:2984,323,1,0
BRDA:2992,324,0,0
BRDA:2992,324,1,0
BRDA:3007,325,0,0
BRDA:3007,325,1,0
BRDA:3031,326,0,0
BRDA:3031,326,1,0
BRDA:3031,327,0,0
BRDA:3031,327,1,0
BRDA:3040,328,0,0
BRDA:3040,328,1,0
BRDA:3045,329,0,0
BRDA:3045,329,1,0
BRDA:3047,330,0,0
BRDA:3047,330,1,0
BRDA:3052,331,0,0
BRDA:3052,331,1,0
BRDA:3062,332,0,0
BRDA:3062,332,1,0
BRDA:3101,333,0,0
BRDA:3101,333,1,0
BRDA:3131,334,0,0
BRDA:3131,334,1,0
BRDA:3131,335,0,0
BRDA:3131,335,1,0
BRDA:3142,336,0,0
BRDA:3142,336,1,0
BRDA:3172,337,0,0
BRDA:3172,337,1,0
BRDA:3172,338,0,0
BRDA:3172,338,1,0
BRDA:3177,339,0,0
BRDA:3177,339,1,0
BRDA:3182,340,0,0
BRDA:3182,340,1,0
BRDA:3184,341,0,0
BRDA:3184,341,1,0
BRDA:3214,342,0,0
BRDA:3214,342,1,0
BRDA:3214,343,0,0
BRDA:3214,343,1,0
BRDA:3219,344,0,0
BRDA:3219,344,1,0
BRDA:3224,345,0,0
BRDA:3224,345,1,0
BRDA:3226,346,0,0
BRDA:3226,346,1,0
BRDA:3256,347,0,0
BRDA:3256,347,1,0
BRDA:3256,348,0,0
BRDA:3256,348,1,0
BRDA:3265,349,0,0
BRDA:3265,349,1,0
BRDA:3270,350,0,0
BRDA:3270,350,1,0
BRDA:3272,351,0,0
BRDA:3272,351,1,0
BRDA:3279,352,0,0
BRDA:3279,352,1,0
BRDA:3279,352,2,0
BRDA:3281,353,0,0
BRDA:3281,353,1,0
BRDA:3282,354,0,0
BRDA:3282,354,1,0
BRDA:3290,355,0,0
BRDA:3290,355,1,0
BRDA:3291,356,0,0
BRDA:3291,356,1,0
BRDA:3300,357,0,0
BRDA:3300,357,1,0
BRDA:3332,358,0,0
BRDA:3332,358,1,0
BRDA:3332,359,0,0
BRDA:3332,359,1,0
BRDA:3341,360,0,0
BRDA:3341,360,1,0
BRDA:3346,361,0,0
BRDA:3346,361,1,0
BRDA:3348,362,0,0
BRDA:3348,362,1,0
BRDA:3353,363,0,0
BRDA:3353,363,1,0
BRDA:3353,364,0,0
BRDA:3353,364,1,0
BRDA:3363,365,0,0
BRDA:3363,365,1,0
BRDA:3396,366,0,0
BRDA:3396,366,1,0
BRDA:3396,367,0,0
BRDA:3396,367,1,0
BRDA:3401,368,0,0
BRDA:3401,368,1,0
BRDA:3437,369,0,0
BRDA:3437,369,1,0
BRDA:3437,370,0,0
BRDA:3437,370,1,0
BRDA:3442,371,0,0
BRDA:3442,371,1,0
BRDA:3481,372,0,0
BRDA:3481,372,1,0
BRDA:3486,373,0,0
BRDA:3486,373,1,0
BRDA:3488,374,0,0
BRDA:3488,374,1,0
BRDA:3495,375,0,0
BRDA:3495,375,1,0
BRDA:3503,376,0,0
BRDA:3503,376,1,0
BRDA:3534,377,0,0
BRDA:3534,377,1,0
BRDA:3534,378,0,0
BRDA:3534,378,1,0
BRDA:3543,379,0,0
BRDA:3543,379,1,0
BRDA:3548,380,0,0
BRDA:3548,380,1,0
BRDA:3550,381,0,0
BRDA:3550,381,1,0
BRDA:3557,382,0,0
BRDA:3557,382,1,0
BRDA:3565,383,0,0
BRDA:3565,383,1,0
BRDA:3595,384,0,0
BRDA:3595,384,1,0
BRDA:3595,385,0,0
BRDA:3595,385,1,0
BRDA:3631,386,0,0
BRDA:3631,386,1,0
BRDA:3631,387,0,0
BRDA:3631,387,1,0
BRDA:3664,388,0,0
BRDA:3664,388,1,0
BRDA:3664,389,0,0
BRDA:3664,389,1,0
BRDA:3664,390,0,0
BRDA:3664,390,1,0
BRDA:3664,391,0,0
BRDA:3664,391,1,0
BRDA:3664,392,0,0
BRDA:3664,392,1,0
BRDA:3664,393,0,0
BRDA:3664,393,1,0
BRDA:3664,394,0,0
BRDA:3664,394,1,0
BRDA:3666,395,0,0
BRDA:3666,395,1,1
BRDA:3666,396,0,1
BRDA:3666,396,1,1
BRDA:3698,397,0,1
BRDA:3698,397,1,0
BRDA:3705,398,0,0
BRDA:3705,398,1,1
BRDA:3713,399,0,0
BRDA:3713,399,1,1
BRDA:3724,400,0,0
BRDA:3724,400,1,0
BRDA:3736,401,0,0
BRDA:3736,401,1,0
BRDA:3736,402,0,0
BRDA:3736,402,1,0
BRDA:3740,403,0,0
BRDA:3740,403,1,0
BRDA:3747,404,0,1
BRDA:3747,404,1,0
BRDA:3784,405,0,0
BRDA:3784,405,1,0
BRDA:3789,406,0,0
BRDA:3789,406,1,0
BRDA:3804,407,0,0
BRDA:3804,407,1,0
BRDA:3814,408,0,0
BRDA:3814,408,1,0
BRDA:3814,409,0,0
BRDA:3814,409,1,0
BRDA:3818,410,0,0
BRDA:3818,410,1,0
BRDA:3842,411,0,0
BRDA:3842,411,1,0
BRDA:3842,412,0,0
BRDA:3842,412,1,0
BRDA:3847,413,0,0
BRDA:3847,413,1,0
BRDA:3866,414,0,0
BRDA:3866,414,1,0
BRDA:3866,415,0,0
BRDA:3866,415,1,0
BRDA:3871,416,0,0
BRDA:3871,416,1,0
BRDA:3877,417,0,0
BRDA:3877,417,1,0
BRDA:3892,418,0,0
BRDA:3892,418,1,0
BRDA:3892,419,0,0
BRDA:3892,419,1,0
BRDA:3897,420,0,0
BRDA:3897,420,1,0
BRDA:3918,421,0,0
BRDA:3918,421,1,0
BRDA:3918,422,0,0
BRDA:3918,422,1,0
BRDA:3927,423,0,0
BRDA:3927,423,1,0
BRDA:3933,424,0,0
BRDA:3933,424,1,0
BRDA:3941,425,0,0
BRDA:3941,425,1,0
BRDA:3965,426,0,0
BRDA:3965,426,1,0
BRDA:3965,427,0,0
BRDA:3965,427,1,0
BRDA:3970,428,0,0
BRDA:3970,428,1,0
BRDA:3977,429,0,0
BRDA:3977,429,1,0
BRDA:3994,430,0,0
BRDA:3994,430,1,0
BRDA:3994,431,0,0
BRDA:3994,431,1,0
BRDA:4005,432,0,0
BRDA:4005,432,1,0
BRDA:4037,433,0,0
BRDA:4037,433,1,0
BRDA:4044,434,0,0
BRDA:4044,434,1,0
BRDA:4046,435,0,0
BRDA:4046,435,1,0
BRDA:4052,436,0,0
BRDA:4052,436,1,0
BRDA:4089,437,0,0
BRDA:4089,437,1,0
BRDA:4100,438,0,0
BRDA:4100,438,1,0
BRDA:4106,439,0,0
BRDA:4106,439,1,0
BRDA:4134,440,0,0
BRDA:4134,440,1,0
BRDA:4141,441,0,0
BRDA:4141,441,1,0
BRDA:4143,442,0,0
BRDA:4143,442,1,0
BRDA:4149,443,0,0
BRDA:4149,443,1,0
BRDA:4179,444,0,0
BRDA:4179,444,1,0
BRDA:4190,445,0,0
BRDA:4190,445,1,0
BRDA:4197,446,0,0
BRDA:4197,446,1,0
BRDA:4225,447,0,0
BRDA:4225,447,1,0
BRDA:4232,448,0,0
BRDA:4232,448,1,0
BRDA:4234,449,0,0
BRDA:4234,449,1,0
BRDA:4240,450,0,0
BRDA:4240,450,1,0
BRDA:4270,451,0,0
BRDA:4270,451,1,0
BRDA:4281,452,0,0
BRDA:4281,452,1,0
BRDA:4287,453,0,0
BRDA:4287,453,1,0
BRDA:4315,454,0,0
BRDA:4315,454,1,1
BRDA:4315,455,0,1
BRDA:4315,455,1,1
BRDA:4334,456,0,1
BRDA:4334,456,1,0
BRDA:4334,457,0,1
BRDA:4334,457,1,0
BRDA:4343,458,0,0
BRDA:4343,458,1,1
BRDA:4361,459,0,1
BRDA:4361,459,1,0
BRDA:4366,460,0,0
BRDA:4366,460,1,0
BRDA:4369,461,0,0
BRDA:4369,461,1,0
BRDA:4385,462,0,0
BRDA:4385,462,1,0
BRDA:4411,463,0,0
BRDA:4411,463,1,0
BRDA:4411,464,0,0
BRDA:4411,464,1,0
BRDA:4416,465,0,0
BRDA:4416,465,1,0
BRDA:4440,466,0,0
BRDA:4440,466,1,0
BRDA:4440,467,0,0
BRDA:4440,467,1,0
BRDA:4449,468,0,0
BRDA:4449,468,1,0
BRDA:4459,469,0,0
BRDA:4459,469,1,0
BRDA:4490,470,0,0
BRDA:4490,470,1,0
BRDA:4501,471,0,0
BRDA:4501,471,1,0
BRDA:4522,472,0,0
BRDA:4522,472,1,0
BRDA:4528,473,0,0
BRDA:4528,473,1,0
BRDA:4538,474,0,0
BRDA:4538,474,1,0
BRDA:4538,475,0,0
BRDA:4538,475,1,0
BRDA:4542,476,0,0
BRDA:4542,476,1,0
BRDA:4567,477,0,0
BRDA:4567,477,1,0
BRDA:4567,478,0,0
BRDA:4567,478,1,0
BRDA:4572,479,0,0
BRDA:4572,479,1,0
BRDA:4583,480,0,0
BRDA:4583,480,1,0
BRDA:4602,481,0,0
BRDA:4602,481,1,0
BRDA:4602,482,0,0
BRDA:4602,482,1,0
BRDA:4607,483,0,0
BRDA:4607,483,1,0
BRDA:4617,484,0,0
BRDA:4617,484,1,0
BRDA:4638,485,0,0
BRDA:4638,485,1,0
BRDA:4638,486,0,0
BRDA:4638,486,1,0
BRDA:4650,487,0,0
BRDA:4650,487,1,0
BRDA:4676,488,0,0
BRDA:4676,488,1,0
BRDA:4676,489,0,0
BRDA:4676,489,1,0
BRDA:4681,490,0,0
BRDA:4681,490,1,0
BRDA:4691,491,0,0
BRDA:4691,491,1,0
BRDA:4712,492,0,0
BRDA:4712,492,1,0
BRDA:4712,493,0,0
BRDA:4712,493,1,0
BRDA:4724,494,0,0
BRDA:4724,494,1,0
BRDA:4750,495,0,0
BRDA:4750,495,1,0
BRDA:4750,496,0,0
BRDA:4750,496,1,0
BRDA:4761,497,0,0
BRDA:4761,497,1,0
BRDA:4778,498,0,0
BRDA:4778,498,1,0
BRDA:4799,499,0,0
BRDA:4799,499,1,0
BRDA:4799,500,0,0
BRDA:4799,500,1,0
BRDA:4810,501,0,0
BRDA:4810,501,1,0
BRDA:4830,502,0,0
BRDA:4830,502,1,0
BRDA:4851,503,0,0
BRDA:4851,503,1,0
BRDA:4851,504,0,0
BRDA:4851,504,1,0
BRDA:4856,505,0,0
BRDA:4856,505,1,0
BRDA:4883,506,0,0
BRDA:4883,506,1,0
BRDA:4883,507,0,0
BRDA:4883,507,1,0
BRDA:4888,508,0,0
BRDA:4888,508,1,0
BRDA:4923,509,0,12
BRDA:4923,509,1,12
BRDA:4923,510,0,12
BRDA:4923,510,1,0
BRDA:4923,511,0,3
BRDA:4923,511,1,0
BRDA:4923,512,0,0
BRDA:4923,512,1,3
BRDA:4925,513,0,0
BRDA:4925,513,1,1
BRDA:4925,514,0,1
BRDA:4925,514,1,1
BRDA:4927,515,0,0
BRDA:4927,515,1,1
BRDA:4961,516,0,104
BRDA:4961,516,1,3
BRDA:4979,517,0,0
BRDA:4979,517,1,1
BRDA:4979,518,0,1
BRDA:4979,518,1,1
BRDA:4988,519,0,2
BRDA:4988,519,1,1
BRDA:5018,520,0,0
BRDA:5018,520,1,0
BRDA:5018,521,0,0
BRDA:5018,521,1,0
BRDA:5030,522,0,0
BRDA:5030,522,1,0
BRDA:5030,523,0,0
BRDA:5030,523,1,0
BRDA:5039,524,0,0
BRDA:5039,524,1,0
BRDA:5047,525,0,0
BRDA:5047,525,1,0
BRDA:5047,525,2,0
BRDA:5051,526,0,0
BRDA:5051,526,1,0
BRDA:5079,527,0,0
BRDA:5079,527,1,0
BRDA:5096,528,0,0
BRDA:5096,528,1,0
BRDA:5096,529,0,0
BRDA:5096,529,1,0
BRDA:5104,530,0,0
BRDA:5104,530,1,0
BRDA:5116,531,0,0
BRDA:5116,531,1,0
BRDA:5156,532,0,0
BRDA:5156,532,1,0
BRDA:5156,533,0,0
BRDA:5156,533,1,0
BRDA:5159,534,0,0
BRDA:5159,534,1,0
BRDA:5159,535,0,0
BRDA:5159,535,1,0
BRDA:5173,536,0,0
BRDA:5173,536,1,0
BRDA:5186,537,0,0
BRDA:5186,537,1,0
BRDA:5186,538,0,0
BRDA:5186,538,1,0
BRDA:5189,539,0,0
BRDA:5189,539,1,0
BRDA:5189,540,0,0
BRDA:5189,540,1,0
BRDA:5203,541,0,0
BRDA:5203,541,1,0
BRDA:5216,542,0,0
BRDA:5216,542,1,0
BRDA:5216,543,0,0
BRDA:5216,543,1,0
BRDA:5223,544,0,0
BRDA:5223,544,1,0
BRDA:5224,545,0,0
BRDA:5224,545,1,0
BRDA:5236,546,0,0
BRDA:5236,546,1,0
BRDA:5236,547,0,0
BRDA:5236,547,1,0
BRDA:5241,548,0,0
BRDA:5241,548,1,0
BRDA:5241,549,0,0
BRDA:5241,549,1,0
BRDA:5262,550,0,0
BRDA:5262,550,1,0
BRDA:5275,551,0,0
BRDA:5275,551,1,0
BRDA:5275,552,0,0
BRDA:5275,552,1,0
BRDA:5282,553,0,0
BRDA:5282,553,1,0
BRDA:5283,554,0,0
BRDA:5283,554,1,0
BRDA:5295,555,0,0
BRDA:5295,555,1,0
BRDA:5295,556,0,0
BRDA:5295,556,1,0
BRDA:5300,557,0,0
BRDA:5300,557,1,0
BRDA:5300,558,0,0
BRDA:5300,558,1,0
BRDA:5321,559,0,0
BRDA:5321,559,1,0
BRDA:5334,560,0,0
BRDA:5334,560,1,0
BRDA:5334,561,0,0
BRDA:5334,561,1,0
BRDA:5343,562,0,0
BRDA:5343,562,1,0
BRDA:5356,563,0,0
BRDA:5356,563,1,0
BRDA:5356,564,0,0
BRDA:5356,564,1,0
BRDA:5358,565,0,0
BRDA:5358,565,1,0
BRDA:5395,566,0,0
BRDA:5395,566,1,0
BRDA:5395,567,0,0
BRDA:5395,567,1,0
BRDA:5397,568,0,0
BRDA:5397,568,1,0
BRDA:5425,569,0,0
BRDA:5425,569,1,0
BRDA:5425,570,0,0
BRDA:5425,570,1,0
BRDA:5433,571,0,0
BRDA:5433,571,1,0
BRDA:5435,572,0,0
BRDA:5435,572,1,0
BRDA:5437,573,0,0
BRDA:5437,573,1,0
BRDA:5448,574,0,0
BRDA:5448,574,1,0
BRDA:5448,575,0,0
BRDA:5448,575,1,0
BRDA:5459,576,0,0
BRDA:5459,576,1,0
BRDA:5459,577,0,0
BRDA:5459,577,1,0
BRDA:5459,577,2,0
BRDA:5462,578,0,0
BRDA:5462,578,1,0
BRDA:5465,579,0,0
BRDA:5465,579,1,0
BRDA:5481,580,0,0
BRDA:5481,580,1,0
BRDA:5481,581,0,0
BRDA:5481,581,1,0
BRDA:5491,582,0,0
BRDA:5491,582,1,0
BRDA:5491,583,0,0
BRDA:5491,583,1,0
BRDA:5504,584,0,0
BRDA:5504,584,1,0
BRDA:5504,585,0,0
BRDA:5504,585,1,0
BRDA:5524,586,0,6
BRDA:5524,586,1,6
BRDA:5524,587,0,6
BRDA:5524,587,1,0
BRDA:5524,588,0,2
BRDA:5524,588,1,0
BRDA:5524,589,0,0
BRDA:5524,589,1,2
BRDA:5526,590,0,0
BRDA:5526,590,1,1
BRDA:5536,591,0,0
BRDA:5536,591,1,0
BRDA:5545,592,0,0
BRDA:5545,592,1,0
BRDA:5554,593,0,0
BRDA:5554,593,1,0
BRDA:5575,594,0,0
BRDA:5575,594,1,0
BRDA:5584,595,0,0
BRDA:5584,595,1,0
BRDA:5593,596,0,0
BRDA:5593,596,1,0
BRF:1202
BRH:296
end_of_record
TN:
SF:/Users/wen/Dropbox/Code/MinDB/examples/stores/memoryStore/mem.js
FN:1,MemStore
FN:6,(anonymous_2)
FN:10,(anonymous_3)
FN:14,(anonymous_4)
FNF:4
FNH:4
FNDA:1,MemStore
FNDA:62,(anonymous_2)
FNDA:89,(anonymous_3)
FNDA:42,(anonymous_4)
DA:1,1
DA:2,1
DA:3,1
DA:6,1
DA:7,62
DA:10,1
DA:11,89
DA:14,1
DA:15,42
DA:18,1
LF:10
LH:10
BRF:0
BRH:0
end_of_record
